/truba/home/ebudur/anaconda2/envs/tse/lib/python2.7/site-packages/sklearn/cross_validation.py:41: DeprecationWarning: This module was deprecated in version 0.18 in favor of the model_selection module into which all the refactored classes and functions are moved. Also note that the interface of the new CV iterators are different from that of this module. This module will be removed in 0.20.
  "This module will be removed in 0.20.", DeprecationWarning)
Using TensorFlow backend.
INFO:tensorflow:Building model.
INFO:tensorflow:Reading vocabulary from /truba/home/ebudur/tse-s2v/data/bulk_sentences/TR/TR-TFRecords/vocab.txt
Traceback (most recent call last):
  File "/truba/home/ebudur/tse-s2v/src/evaluate.py", line 91, in <module>
    tf.app.run()
  File "/truba/home/ebudur/anaconda2/envs/tse/lib/python2.7/site-packages/tensorflow/python/platform/app.py", line 125, in run
    _sys.exit(main(argv))
  File "/truba/home/ebudur/tse-s2v/src/evaluate.py", line 71, in main
    encoder.load_model(model_config)
  File "/truba/home/ebudur/tse-s2v/src/encoder_manager.py", line 66, in load_model
    restore_model = encoder.build_graph_from_config(model_config)
  File "/truba/home/ebudur/tse-s2v/src/s2v_encoder.py", line 161, in build_graph_from_config
    model.build_enc()
  File "/truba/home/ebudur/tse-s2v/src/s2v_model.py", line 336, in build_enc
    self.build_word_embeddings()
  File "/truba/home/ebudur/tse-s2v/src/s2v_model.py", line 180, in build_word_embeddings
    word_emb_dict = read_vocab(v.vocab_file)
  File "/truba/home/ebudur/tse-s2v/src/s2v_model.py", line 43, in read_vocab
    lines = list(f.readlines())
  File "/truba/home/ebudur/anaconda2/envs/tse/lib/python2.7/site-packages/tensorflow/python/lib/io/file_io.py", line 188, in readlines
    self._preread_check()
  File "/truba/home/ebudur/anaconda2/envs/tse/lib/python2.7/site-packages/tensorflow/python/lib/io/file_io.py", line 85, in _preread_check
    compat.as_bytes(self.__name), 1024 * 512, status)
  File "/truba/home/ebudur/anaconda2/envs/tse/lib/python2.7/site-packages/tensorflow/python/framework/errors_impl.py", line 519, in __exit__
    c_api.TF_GetCode(self.status.status))
tensorflow.python.framework.errors_impl.NotFoundError: /truba/home/ebudur/tse-s2v/data/bulk_sentences/TR/TR-TFRecords/vocab.txt; No such file or directory
