INFO:tensorflow:Building training graph.
INFO:tensorflow:Prefetching values from 100 files matching /truba_scratch/ebudur/data/bulk_sentences/tr/TR-TFRecords/train-?????-of-00100
WARNING:tensorflow:From /truba/home/ebudur/anaconda2/envs/tse/lib/python2.7/site-packages/tensorflow/python/ops/rnn.py:417: calling reverse_sequence (from tensorflow.python.ops.array_ops) with seq_dim is deprecated and will be removed in a future version.
Instructions for updating:
seq_dim is deprecated, use seq_axis instead
WARNING:tensorflow:From /truba/home/ebudur/anaconda2/envs/tse/lib/python2.7/site-packages/tensorflow/python/util/deprecation.py:432: calling reverse_sequence (from tensorflow.python.ops.array_ops) with batch_dim is deprecated and will be removed in a future version.
Instructions for updating:
batch_dim is deprecated, use batch_axis instead
WARNING:tensorflow:From /truba/home/ebudur/tse-s2v/src/s2v_model.py:301: softmax_cross_entropy_with_logits (from tensorflow.python.ops.nn_ops) is deprecated and will be removed in a future version.
Instructions for updating:

Future major versions of TensorFlow will allow gradients to flow
into the labels input on backprop by default.

See @{tf.nn.softmax_cross_entropy_with_logits_v2}.

WARNING:tensorflow:From /truba/home/ebudur/anaconda2/envs/tse/lib/python2.7/site-packages/tensorflow/contrib/slim/python/slim/learning.py:737: __init__ (from tensorflow.python.training.supervisor) is deprecated and will be removed in a future version.
Instructions for updating:
Please switch to tf.train.MonitoredTrainingSession
2018-11-18 22:17:14.068356: I tensorflow/core/platform/cpu_feature_guard.cc:141] Your CPU supports instructions that this TensorFlow binary was not compiled to use: AVX2 AVX512F FMA
INFO:tensorflow:Running local_init_op.
INFO:tensorflow:Done running local_init_op.
INFO:tensorflow:Starting Session.
INFO:tensorflow:Saving checkpoint to path /truba_scratch/ebudur/data/results/TR/train/model.ckpt
INFO:tensorflow:Starting Queues.
INFO:tensorflow:global_step/sec: 0
INFO:tensorflow:Recording summary at step 0.
INFO:tensorflow:global step 1: loss = 5.9914 (2.340 sec/step)
INFO:tensorflow:global step 2: loss = 5.9914 (0.430 sec/step)
INFO:tensorflow:global step 3: loss = 5.9909 (0.346 sec/step)
INFO:tensorflow:global step 4: loss = 5.9893 (0.394 sec/step)
INFO:tensorflow:global step 5: loss = 5.9837 (0.392 sec/step)
INFO:tensorflow:global step 6: loss = 5.9836 (2.119 sec/step)
INFO:tensorflow:global step 7: loss = 5.9890 (3.360 sec/step)
INFO:tensorflow:global step 8: loss = 5.9893 (1.883 sec/step)
INFO:tensorflow:global step 9: loss = 5.9785 (3.029 sec/step)
INFO:tensorflow:global step 10: loss = 5.9811 (3.384 sec/step)
INFO:tensorflow:global step 11: loss = 5.9694 (2.779 sec/step)
INFO:tensorflow:global step 12: loss = 5.9901 (1.503 sec/step)
INFO:tensorflow:global step 13: loss = 5.9926 (1.584 sec/step)
INFO:tensorflow:global step 14: loss = 5.9920 (1.596 sec/step)
INFO:tensorflow:global step 15: loss = 5.9696 (1.622 sec/step)
INFO:tensorflow:global step 16: loss = 5.9618 (2.838 sec/step)
INFO:tensorflow:global step 17: loss = 5.9586 (1.813 sec/step)
INFO:tensorflow:global step 18: loss = 5.9800 (1.782 sec/step)
INFO:tensorflow:global step 19: loss = 5.9704 (4.334 sec/step)
INFO:tensorflow:global step 20: loss = 5.9672 (2.615 sec/step)
INFO:tensorflow:global step 21: loss = 5.8698 (3.147 sec/step)
INFO:tensorflow:global step 22: loss = 5.8433 (2.474 sec/step)
INFO:tensorflow:global step 23: loss = 5.7627 (2.539 sec/step)
INFO:tensorflow:global step 24: loss = 5.7550 (2.452 sec/step)
INFO:tensorflow:global step 25: loss = 5.8748 (2.988 sec/step)
INFO:tensorflow:global step 26: loss = 5.9714 (2.643 sec/step)
INFO:tensorflow:global step 27: loss = 5.9333 (2.530 sec/step)
INFO:tensorflow:global step 28: loss = 5.6734 (2.585 sec/step)
INFO:tensorflow:global step 29: loss = 5.8445 (2.802 sec/step)
INFO:tensorflow:global step 30: loss = 5.6787 (1.487 sec/step)
INFO:tensorflow:global step 31: loss = 5.6007 (3.102 sec/step)
INFO:tensorflow:global step 32: loss = 5.9092 (3.024 sec/step)
INFO:tensorflow:global step 33: loss = 5.9055 (1.904 sec/step)
INFO:tensorflow:global step 34: loss = 5.9148 (3.116 sec/step)
INFO:tensorflow:global step 35: loss = 5.8827 (1.833 sec/step)
INFO:tensorflow:global step 36: loss = 5.7868 (2.231 sec/step)
INFO:tensorflow:global step 37: loss = 5.7930 (2.960 sec/step)
INFO:tensorflow:global step 38: loss = 5.7668 (2.528 sec/step)
INFO:tensorflow:global step 39: loss = 5.7782 (2.962 sec/step)
INFO:tensorflow:global step 40: loss = 5.9694 (1.380 sec/step)
INFO:tensorflow:global step 41: loss = 5.7708 (1.893 sec/step)
INFO:tensorflow:global step 42: loss = 5.6700 (1.998 sec/step)
INFO:tensorflow:global step 43: loss = 5.7154 (0.839 sec/step)
INFO:tensorflow:global step 44: loss = 5.7844 (2.120 sec/step)
INFO:tensorflow:global step 45: loss = 5.6847 (3.159 sec/step)
INFO:tensorflow:global step 46: loss = 5.7266 (2.768 sec/step)
INFO:tensorflow:global step 47: loss = 5.7445 (2.798 sec/step)
INFO:tensorflow:global step 48: loss = 5.8453 (1.601 sec/step)
INFO:tensorflow:global step 49: loss = 5.7752 (2.068 sec/step)
INFO:tensorflow:global step 50: loss = 5.6671 (2.380 sec/step)
INFO:tensorflow:global step 51: loss = 5.5391 (1.835 sec/step)
INFO:tensorflow:global step 52: loss = 5.6141 (1.775 sec/step)
INFO:tensorflow:global step 53: loss = 5.9610 (1.759 sec/step)
INFO:tensorflow:global step 54: loss = 5.9578 (1.503 sec/step)
INFO:tensorflow:global step 55: loss = 5.6342 (2.024 sec/step)
INFO:tensorflow:global step 56: loss = 5.8724 (1.385 sec/step)
INFO:tensorflow:global step 57: loss = 5.7473 (1.176 sec/step)
INFO:tensorflow:global step 58: loss = 5.6558 (1.682 sec/step)
INFO:tensorflow:global step 59: loss = 5.8080 (1.830 sec/step)
INFO:tensorflow:global step 60: loss = 5.7343 (2.216 sec/step)
INFO:tensorflow:global step 61: loss = 5.7946 (2.445 sec/step)
INFO:tensorflow:global step 62: loss = 5.7925 (2.187 sec/step)
INFO:tensorflow:global step 63: loss = 5.9134 (2.735 sec/step)
INFO:tensorflow:global step 64: loss = 5.5083 (2.435 sec/step)
INFO:tensorflow:global step 65: loss = 5.1747 (2.298 sec/step)
INFO:tensorflow:global step 66: loss = 5.8049 (1.512 sec/step)
INFO:tensorflow:global step 67: loss = 5.7056 (2.095 sec/step)
INFO:tensorflow:global step 68: loss = 5.7292 (2.146 sec/step)
INFO:tensorflow:global step 69: loss = 5.8889 (2.258 sec/step)
INFO:tensorflow:global step 70: loss = 5.7100 (1.730 sec/step)
INFO:tensorflow:global step 71: loss = 5.6930 (1.602 sec/step)
INFO:tensorflow:global step 72: loss = 5.7346 (1.587 sec/step)
INFO:tensorflow:global step 73: loss = 5.3925 (1.674 sec/step)
INFO:tensorflow:global step 74: loss = 5.3974 (1.718 sec/step)
INFO:tensorflow:global step 75: loss = 5.6608 (1.784 sec/step)
INFO:tensorflow:global step 76: loss = 5.5572 (1.613 sec/step)
INFO:tensorflow:global step 77: loss = 5.6311 (1.406 sec/step)
INFO:tensorflow:global step 78: loss = 5.5324 (2.240 sec/step)
INFO:tensorflow:global step 79: loss = 5.4297 (2.155 sec/step)
INFO:tensorflow:global step 80: loss = 5.2602 (2.445 sec/step)
INFO:tensorflow:global step 81: loss = 5.9395 (1.383 sec/step)
INFO:tensorflow:global step 82: loss = 5.9434 (2.101 sec/step)
INFO:tensorflow:global step 83: loss = 5.9574 (1.929 sec/step)
INFO:tensorflow:global step 84: loss = 5.9770 (1.080 sec/step)
INFO:tensorflow:global step 85: loss = 5.9595 (3.721 sec/step)
INFO:tensorflow:global step 86: loss = 5.9848 (1.763 sec/step)
INFO:tensorflow:global step 87: loss = 5.8316 (1.590 sec/step)
INFO:tensorflow:global step 88: loss = 5.9987 (0.363 sec/step)
INFO:tensorflow:global step 89: loss = 5.4495 (2.113 sec/step)
INFO:tensorflow:global step 90: loss = 5.9869 (1.144 sec/step)
INFO:tensorflow:global step 91: loss = 5.5951 (1.772 sec/step)
INFO:tensorflow:global step 92: loss = 5.5447 (1.548 sec/step)
INFO:tensorflow:global step 93: loss = 5.8163 (1.880 sec/step)
INFO:tensorflow:global step 94: loss = 5.9352 (0.762 sec/step)
INFO:tensorflow:global step 95: loss = 6.0282 (0.465 sec/step)
INFO:tensorflow:global step 96: loss = 5.9539 (1.481 sec/step)
INFO:tensorflow:global step 97: loss = 5.6962 (1.965 sec/step)
INFO:tensorflow:global step 98: loss = 5.9104 (0.306 sec/step)
INFO:tensorflow:global step 99: loss = 5.9672 (1.131 sec/step)
INFO:tensorflow:global step 100: loss = 5.7974 (1.685 sec/step)
INFO:tensorflow:global step 101: loss = 5.3780 (3.295 sec/step)
INFO:tensorflow:global step 102: loss = 5.8711 (1.685 sec/step)
INFO:tensorflow:global step 103: loss = 5.6468 (3.104 sec/step)
INFO:tensorflow:global step 104: loss = 5.3581 (3.138 sec/step)
INFO:tensorflow:global step 105: loss = 5.9092 (1.968 sec/step)
INFO:tensorflow:global step 106: loss = 5.4615 (2.971 sec/step)
INFO:tensorflow:global step 107: loss = 5.6432 (2.319 sec/step)
INFO:tensorflow:global step 108: loss = 5.7239 (1.424 sec/step)
INFO:tensorflow:global step 109: loss = 5.7872 (1.324 sec/step)
INFO:tensorflow:global step 110: loss = 5.3125 (2.368 sec/step)
INFO:tensorflow:global step 111: loss = 4.8195 (1.741 sec/step)
INFO:tensorflow:global step 112: loss = 5.4499 (2.579 sec/step)
INFO:tensorflow:global step 113: loss = 5.9593 (2.738 sec/step)
INFO:tensorflow:global step 114: loss = 5.8878 (2.684 sec/step)
INFO:tensorflow:global step 115: loss = 5.4657 (1.557 sec/step)
INFO:tensorflow:global step 116: loss = 5.3884 (2.574 sec/step)
INFO:tensorflow:global step 117: loss = 5.7433 (1.529 sec/step)
INFO:tensorflow:global step 118: loss = 4.9799 (1.965 sec/step)
INFO:tensorflow:global step 119: loss = 5.7815 (2.838 sec/step)
INFO:tensorflow:global step 120: loss = 5.6990 (2.480 sec/step)
INFO:tensorflow:global step 121: loss = 6.0156 (1.911 sec/step)
INFO:tensorflow:global step 122: loss = 5.9783 (1.255 sec/step)
INFO:tensorflow:global step 123: loss = 5.7183 (1.638 sec/step)
INFO:tensorflow:global step 124: loss = 5.7868 (2.133 sec/step)
INFO:tensorflow:global step 125: loss = 5.9589 (1.019 sec/step)
INFO:tensorflow:global step 126: loss = 5.9306 (1.080 sec/step)
INFO:tensorflow:global step 127: loss = 5.9595 (0.870 sec/step)
INFO:tensorflow:global step 128: loss = 5.9369 (2.818 sec/step)
INFO:tensorflow:global step 129: loss = 5.9460 (1.336 sec/step)
INFO:tensorflow:global step 130: loss = 5.9245 (0.918 sec/step)
INFO:tensorflow:global step 131: loss = 5.9037 (1.187 sec/step)
INFO:tensorflow:global step 132: loss = 5.1716 (2.336 sec/step)
INFO:tensorflow:global step 133: loss = 5.5255 (2.687 sec/step)
INFO:tensorflow:global step 134: loss = 5.8988 (0.513 sec/step)
INFO:tensorflow:global step 135: loss = 5.6537 (1.546 sec/step)
INFO:tensorflow:global step 136: loss = 5.4184 (2.691 sec/step)
INFO:tensorflow:global step 137: loss = 5.6788 (1.848 sec/step)
INFO:tensorflow:global step 138: loss = 5.6850 (1.271 sec/step)
INFO:tensorflow:global step 139: loss = 5.4676 (2.398 sec/step)
INFO:tensorflow:global step 140: loss = 5.4933 (2.798 sec/step)
INFO:tensorflow:global step 141: loss = 5.7897 (1.626 sec/step)
INFO:tensorflow:global step 142: loss = 5.3125 (2.908 sec/step)
INFO:tensorflow:global step 143: loss = 5.7461 (2.186 sec/step)
INFO:tensorflow:global step 144: loss = 5.6458 (1.738 sec/step)
INFO:tensorflow:global step 145: loss = 6.0313 (1.348 sec/step)
INFO:tensorflow:global step 146: loss = 6.1274 (0.458 sec/step)
INFO:tensorflow:global step 147: loss = 5.8986 (1.541 sec/step)
INFO:tensorflow:global step 148: loss = 5.4223 (1.503 sec/step)
INFO:tensorflow:global step 149: loss = 5.6255 (1.259 sec/step)
INFO:tensorflow:global step 150: loss = 5.5449 (1.574 sec/step)
INFO:tensorflow:global step 151: loss = 5.7726 (1.975 sec/step)
INFO:tensorflow:global step 152: loss = 5.3455 (1.808 sec/step)
INFO:tensorflow:global step 153: loss = 5.4873 (2.503 sec/step)
INFO:tensorflow:global step 154: loss = 5.0820 (2.796 sec/step)
INFO:tensorflow:global step 155: loss = 5.4392 (2.269 sec/step)
INFO:tensorflow:global step 156: loss = 5.6559 (1.947 sec/step)
INFO:tensorflow:global step 157: loss = 5.7011 (1.699 sec/step)
INFO:tensorflow:global step 158: loss = 5.0809 (2.668 sec/step)
INFO:tensorflow:global step 159: loss = 5.8179 (1.551 sec/step)
INFO:tensorflow:global step 160: loss = 5.6853 (2.280 sec/step)
INFO:tensorflow:global step 161: loss = 5.4672 (2.420 sec/step)
INFO:tensorflow:global step 162: loss = 5.7895 (2.099 sec/step)
INFO:tensorflow:global step 163: loss = 5.7008 (1.970 sec/step)
INFO:tensorflow:global step 164: loss = 5.8688 (1.771 sec/step)
INFO:tensorflow:global step 165: loss = 5.6356 (1.966 sec/step)
INFO:tensorflow:global step 166: loss = 5.7415 (1.744 sec/step)
INFO:tensorflow:global step 167: loss = 5.7090 (2.339 sec/step)
INFO:tensorflow:global step 168: loss = 5.7302 (2.989 sec/step)
INFO:tensorflow:global step 169: loss = 5.5280 (1.853 sec/step)
INFO:tensorflow:global step 170: loss = 5.8528 (1.866 sec/step)
INFO:tensorflow:global step 171: loss = 5.7994 (2.100 sec/step)
INFO:tensorflow:global step 172: loss = 5.6980 (1.750 sec/step)
INFO:tensorflow:global step 173: loss = 5.6135 (2.011 sec/step)
INFO:tensorflow:global step 174: loss = 5.5690 (2.139 sec/step)
INFO:tensorflow:global step 175: loss = 5.6589 (2.465 sec/step)
INFO:tensorflow:global step 176: loss = 5.6940 (2.275 sec/step)
INFO:tensorflow:global step 177: loss = 5.6886 (1.640 sec/step)
INFO:tensorflow:global step 178: loss = 5.6503 (1.751 sec/step)
INFO:tensorflow:global step 179: loss = 5.9255 (1.635 sec/step)
INFO:tensorflow:global step 180: loss = 5.7729 (1.559 sec/step)
INFO:tensorflow:global step 181: loss = 5.9405 (0.427 sec/step)
INFO:tensorflow:global step 182: loss = 5.6248 (1.982 sec/step)
INFO:tensorflow:global step 183: loss = 5.7623 (1.846 sec/step)
INFO:tensorflow:global step 184: loss = 5.5571 (3.137 sec/step)
INFO:tensorflow:global step 185: loss = 5.6754 (2.531 sec/step)
INFO:tensorflow:global step 186: loss = 5.5144 (1.930 sec/step)
INFO:tensorflow:global step 187: loss = 5.6263 (2.097 sec/step)
INFO:tensorflow:global step 188: loss = 5.5790 (2.356 sec/step)
INFO:tensorflow:global step 189: loss = 5.5907 (2.248 sec/step)
INFO:tensorflow:global step 190: loss = 5.7840 (1.982 sec/step)
INFO:tensorflow:global step 191: loss = 5.2819 (1.685 sec/step)
INFO:tensorflow:global step 192: loss = 5.2340 (2.323 sec/step)
INFO:tensorflow:global step 193: loss = 5.6607 (2.020 sec/step)
INFO:tensorflow:global step 194: loss = 5.7809 (2.511 sec/step)
INFO:tensorflow:global step 195: loss = 5.2233 (2.088 sec/step)
INFO:tensorflow:global step 196: loss = 5.1233 (2.880 sec/step)
INFO:tensorflow:global step 197: loss = 5.3291 (2.659 sec/step)
INFO:tensorflow:global step 198: loss = 5.6768 (1.568 sec/step)
INFO:tensorflow:global step 199: loss = 5.6095 (2.636 sec/step)
INFO:tensorflow:global step 200: loss = 5.7627 (2.047 sec/step)
INFO:tensorflow:global step 201: loss = 5.4929 (1.758 sec/step)
INFO:tensorflow:global step 202: loss = 5.3275 (2.425 sec/step)
INFO:tensorflow:global step 203: loss = 5.3688 (2.251 sec/step)
INFO:tensorflow:global step 204: loss = 5.6488 (2.882 sec/step)
INFO:tensorflow:global step 205: loss = 5.6848 (1.374 sec/step)
INFO:tensorflow:global step 206: loss = 5.4903 (2.182 sec/step)
INFO:tensorflow:global step 207: loss = 5.9055 (1.189 sec/step)
INFO:tensorflow:global step 208: loss = 5.6716 (1.469 sec/step)
INFO:tensorflow:global step 209: loss = 6.0108 (0.383 sec/step)
INFO:tensorflow:global step 210: loss = 5.4879 (2.372 sec/step)
INFO:tensorflow:global step 211: loss = 5.5141 (1.417 sec/step)
INFO:tensorflow:global step 212: loss = 5.9946 (0.371 sec/step)
INFO:tensorflow:global step 213: loss = 5.5919 (2.609 sec/step)
INFO:tensorflow:global step 214: loss = 5.1624 (2.056 sec/step)
INFO:tensorflow:global step 215: loss = 5.0636 (1.632 sec/step)
INFO:tensorflow:global step 216: loss = 5.7813 (1.491 sec/step)
INFO:tensorflow:global step 217: loss = 5.4276 (2.091 sec/step)
INFO:tensorflow:global step 218: loss = 5.5664 (2.286 sec/step)
INFO:tensorflow:global step 219: loss = 5.9281 (1.440 sec/step)
INFO:tensorflow:global step 220: loss = 5.3837 (1.692 sec/step)
INFO:tensorflow:global step 221: loss = 5.4450 (2.532 sec/step)
INFO:tensorflow:global step 222: loss = 5.5111 (1.779 sec/step)
INFO:tensorflow:global step 223: loss = 5.7815 (0.443 sec/step)
INFO:tensorflow:global step 224: loss = 5.4915 (2.731 sec/step)
INFO:tensorflow:global step 225: loss = 5.6363 (2.548 sec/step)
INFO:tensorflow:global step 226: loss = 5.4708 (2.346 sec/step)
INFO:tensorflow:global step 227: loss = 5.5430 (2.074 sec/step)
INFO:tensorflow:global step 228: loss = 5.5869 (1.751 sec/step)
INFO:tensorflow:global step 229: loss = 5.6662 (2.310 sec/step)
INFO:tensorflow:global step 230: loss = 5.8823 (0.729 sec/step)
INFO:tensorflow:global step 231: loss = 5.9345 (0.764 sec/step)
INFO:tensorflow:global step 232: loss = 5.9239 (0.860 sec/step)
INFO:tensorflow:global step 233: loss = 5.9800 (0.919 sec/step)
INFO:tensorflow:global step 234: loss = 6.0046 (0.563 sec/step)
INFO:tensorflow:global step 235: loss = 6.0020 (0.420 sec/step)
INFO:tensorflow:global step 236: loss = 5.9948 (0.363 sec/step)
INFO:tensorflow:global step 237: loss = 5.9860 (0.408 sec/step)
INFO:tensorflow:global step 238: loss = 5.4954 (1.965 sec/step)
INFO:tensorflow:global step 239: loss = 5.9997 (1.034 sec/step)
INFO:tensorflow:global step 240: loss = 5.9815 (0.947 sec/step)
INFO:tensorflow:global step 241: loss = 5.9292 (0.956 sec/step)
INFO:tensorflow:global step 242: loss = 6.0091 (0.944 sec/step)
INFO:tensorflow:global step 243: loss = 5.9483 (1.037 sec/step)
INFO:tensorflow:global step 244: loss = 5.9489 (0.644 sec/step)
INFO:tensorflow:global step 245: loss = 5.9826 (0.878 sec/step)
INFO:tensorflow:global step 246: loss = 5.8130 (1.327 sec/step)
INFO:tensorflow:global step 247: loss = 5.9164 (0.386 sec/step)
INFO:tensorflow:global step 248: loss = 5.9639 (0.705 sec/step)
INFO:tensorflow:global step 249: loss = 5.9743 (0.450 sec/step)
INFO:tensorflow:global step 250: loss = 5.9532 (0.453 sec/step)
INFO:tensorflow:global step 251: loss = 5.6100 (1.538 sec/step)
INFO:tensorflow:global step 252: loss = 5.1556 (2.024 sec/step)
INFO:tensorflow:global step 253: loss = 5.3601 (1.873 sec/step)
INFO:tensorflow:global step 254: loss = 5.4375 (1.889 sec/step)
INFO:tensorflow:global step 255: loss = 5.2431 (1.221 sec/step)
INFO:tensorflow:global step 256: loss = 5.9477 (0.478 sec/step)
INFO:tensorflow:global step 257: loss = 5.7137 (1.478 sec/step)
INFO:tensorflow:global step 258: loss = 5.9141 (0.472 sec/step)
INFO:tensorflow:global step 259: loss = 5.1586 (1.451 sec/step)
INFO:tensorflow:global step 260: loss = 5.5033 (1.179 sec/step)
INFO:tensorflow:global step 261: loss = 5.7048 (1.064 sec/step)
INFO:tensorflow:global step 262: loss = 5.7359 (1.551 sec/step)
INFO:tensorflow:global step 263: loss = 5.4937 (1.885 sec/step)
INFO:tensorflow:global step 264: loss = 5.4319 (2.101 sec/step)
INFO:tensorflow:global step 265: loss = 5.6114 (1.711 sec/step)
INFO:tensorflow:global step 266: loss = 5.4515 (2.305 sec/step)
INFO:tensorflow:global step 267: loss = 5.6527 (1.907 sec/step)
INFO:tensorflow:global step 268: loss = 5.7638 (1.355 sec/step)
INFO:tensorflow:global step 269: loss = 5.6144 (1.244 sec/step)
INFO:tensorflow:global step 270: loss = 5.5161 (2.002 sec/step)
INFO:tensorflow:global step 271: loss = 5.6015 (2.443 sec/step)
INFO:tensorflow:global step 272: loss = 5.8946 (0.941 sec/step)
INFO:tensorflow:global step 273: loss = 5.5734 (2.167 sec/step)
INFO:tensorflow:global step 274: loss = 5.2950 (2.574 sec/step)
INFO:tensorflow:global step 275: loss = 5.6971 (0.568 sec/step)
INFO:tensorflow:global step 276: loss = 5.6161 (1.667 sec/step)
INFO:tensorflow:global step 277: loss = 5.5915 (1.458 sec/step)
INFO:tensorflow:global step 278: loss = 5.3503 (2.298 sec/step)
INFO:tensorflow:global step 279: loss = 5.4345 (2.082 sec/step)
INFO:tensorflow:global step 280: loss = 5.4481 (0.658 sec/step)
INFO:tensorflow:global step 281: loss = 5.5457 (0.594 sec/step)
INFO:tensorflow:global step 282: loss = 5.3548 (2.136 sec/step)
INFO:tensorflow:global step 283: loss = 5.5839 (2.402 sec/step)
INFO:tensorflow:global step 284: loss = 5.6534 (0.382 sec/step)
INFO:tensorflow:global step 285: loss = 5.5581 (2.193 sec/step)
INFO:tensorflow:global step 286: loss = 5.2009 (2.938 sec/step)
INFO:tensorflow:global step 287: loss = 5.6474 (2.722 sec/step)
INFO:tensorflow:global step 288: loss = 5.2572 (2.177 sec/step)
INFO:tensorflow:global step 289: loss = 5.5356 (0.484 sec/step)
INFO:tensorflow:global step 290: loss = 5.2228 (2.053 sec/step)
INFO:tensorflow:global step 291: loss = 5.6538 (1.245 sec/step)
INFO:tensorflow:global step 292: loss = 5.7731 (1.219 sec/step)
INFO:tensorflow:global step 293: loss = 5.7222 (1.437 sec/step)
INFO:tensorflow:global step 294: loss = 5.5940 (2.238 sec/step)
INFO:tensorflow:global step 295: loss = 5.4405 (1.494 sec/step)
INFO:tensorflow:global step 296: loss = 5.3447 (1.334 sec/step)
INFO:tensorflow:global step 297: loss = 4.9748 (1.740 sec/step)
INFO:tensorflow:global step 298: loss = 4.9939 (1.602 sec/step)
INFO:tensorflow:global step 299: loss = 5.6043 (2.040 sec/step)
