[nltk_data] Downloading package punkt to
[nltk_data]     /truba/home/ebudur/nltk_data...
[nltk_data]   Package punkt is already up-to-date!
model_config <configuration._HParams object at 0x2b271e996150>
gru
model_config.checkpoint_path, s2v_encoder.py,  /truba/home/ebudur/tse-s2v/data/results/TR/train
II-checkpoint_path, s2v_encoder.py /truba/home/ebudur/tse-s2v/data/results/TR/train
III-checkpoint_path, s2v_encoder.py /truba_scratch/ebudur/data/results/TR/train/model.ckpt-61652
Preparing data...
('loc', '/truba/home/ebudur/tse-s2v/data/sem_sim/tr/SICK/')
Computing training skipthoughts...
Computing development skipthoughts...
Computing feature combinations...
Encoding labels...
Compiling model...
Training...
Train on 4500 samples, validate on 500 samples
Epoch 1/1
 - 1s - loss: 1.4728 - val_loss: 1.4322
-0.08120378873424662
Train on 4500 samples, validate on 500 samples
Epoch 1/1
 - 0s - loss: 1.4133 - val_loss: 1.3924
0.5345082199642317
Train on 4500 samples, validate on 500 samples
Epoch 1/1
 - 0s - loss: 1.3709 - val_loss: 1.3608
0.5712664312191151
Train on 4500 samples, validate on 500 samples
Epoch 1/1
 - 0s - loss: 1.3364 - val_loss: 1.3355
0.5797551710941153
Train on 4500 samples, validate on 500 samples
Epoch 1/1
 - 0s - loss: 1.3082 - val_loss: 1.3152
0.5850399097825388
Train on 4500 samples, validate on 500 samples
Epoch 1/1
 - 0s - loss: 1.2846 - val_loss: 1.2985
0.589476180436799
Train on 4500 samples, validate on 500 samples
Epoch 1/1
 - 0s - loss: 1.2647 - val_loss: 1.2847
0.593465787009077
Train on 4500 samples, validate on 500 samples
Epoch 1/1
 - 0s - loss: 1.2476 - val_loss: 1.2731
0.5971107582640826
Train on 4500 samples, validate on 500 samples
Epoch 1/1
 - 0s - loss: 1.2326 - val_loss: 1.2633
0.600454840562116
Train on 4500 samples, validate on 500 samples
Epoch 1/1
 - 0s - loss: 1.2194 - val_loss: 1.2548
0.6035282871107425
Train on 4500 samples, validate on 500 samples
Epoch 1/1
 - 0s - loss: 1.2076 - val_loss: 1.2475
0.6063577463434379
Train on 4500 samples, validate on 500 samples
Epoch 1/1
 - 0s - loss: 1.1970 - val_loss: 1.2412
0.6089678471993832
Train on 4500 samples, validate on 500 samples
Epoch 1/1
 - 0s - loss: 1.1873 - val_loss: 1.2356
0.6113811495851363
Train on 4500 samples, validate on 500 samples
Epoch 1/1
 - 0s - loss: 1.1784 - val_loss: 1.2306
0.613618099317566
Train on 4500 samples, validate on 500 samples
Epoch 1/1
 - 0s - loss: 1.1703 - val_loss: 1.2262
0.6156970943110025
Train on 4500 samples, validate on 500 samples
Epoch 1/1
 - 1s - loss: 1.1627 - val_loss: 1.2222
0.6176345036327494
Train on 4500 samples, validate on 500 samples
Epoch 1/1
 - 0s - loss: 1.1556 - val_loss: 1.2187
0.6194448460880493
Train on 4500 samples, validate on 500 samples
Epoch 1/1
 - 0s - loss: 1.1489 - val_loss: 1.2155
0.6211409937173634
Train on 4500 samples, validate on 500 samples
Epoch 1/1
 - 0s - loss: 1.1427 - val_loss: 1.2126
0.6227342553185625
Train on 4500 samples, validate on 500 samples
Epoch 1/1
 - 0s - loss: 1.1367 - val_loss: 1.2099
0.6242345551338714
Train on 4500 samples, validate on 500 samples
Epoch 1/1
 - 0s - loss: 1.1311 - val_loss: 1.2075
0.6256506995175299
Train on 4500 samples, validate on 500 samples
Epoch 1/1
 - 0s - loss: 1.1258 - val_loss: 1.2052
0.6269904094154126
Train on 4500 samples, validate on 500 samples
Epoch 1/1
 - 0s - loss: 1.1207 - val_loss: 1.2032
0.6282605007320595
Train on 4500 samples, validate on 500 samples
Epoch 1/1
 - 0s - loss: 1.1158 - val_loss: 1.2013
0.6294669193730915
Train on 4500 samples, validate on 500 samples
Epoch 1/1
 - 0s - loss: 1.1111 - val_loss: 1.1995
0.6306150401848218
Train on 4500 samples, validate on 500 samples
Epoch 1/1
 - 0s - loss: 1.1066 - val_loss: 1.1979
0.631709488710105
Train on 4500 samples, validate on 500 samples
Epoch 1/1
 - 0s - loss: 1.1023 - val_loss: 1.1964
0.6327544985114532
Train on 4500 samples, validate on 500 samples
Epoch 1/1
 - 0s - loss: 1.0981 - val_loss: 1.1950
0.6337537049615505
Train on 4500 samples, validate on 500 samples
Epoch 1/1
 - 0s - loss: 1.0941 - val_loss: 1.1937
0.6347104964144119
Train on 4500 samples, validate on 500 samples
Epoch 1/1
 - 0s - loss: 1.0901 - val_loss: 1.1924
0.6356277631343368
Train on 4500 samples, validate on 500 samples
Epoch 1/1
 - 0s - loss: 1.0864 - val_loss: 1.1913
0.636508213981698
Train on 4500 samples, validate on 500 samples
Epoch 1/1
 - 1s - loss: 1.0827 - val_loss: 1.1902
0.637354235006094
Train on 4500 samples, validate on 500 samples
Epoch 1/1
 - 1s - loss: 1.0791 - val_loss: 1.1892
0.638168001539206
Train on 4500 samples, validate on 500 samples
Epoch 1/1
 - 0s - loss: 1.0756 - val_loss: 1.1882
0.6389514449859892
Train on 4500 samples, validate on 500 samples
Epoch 1/1
 - 0s - loss: 1.0722 - val_loss: 1.1873
0.6397063886544473
Train on 4500 samples, validate on 500 samples
Epoch 1/1
 - 0s - loss: 1.0689 - val_loss: 1.1865
0.6404344207777029
Train on 4500 samples, validate on 500 samples
Epoch 1/1
 - 0s - loss: 1.0657 - val_loss: 1.1857
0.6411370670093365
Train on 4500 samples, validate on 500 samples
Epoch 1/1
 - 0s - loss: 1.0625 - val_loss: 1.1849
0.6418156906333813
Train on 4500 samples, validate on 500 samples
Epoch 1/1
 - 0s - loss: 1.0595 - val_loss: 1.1842
0.6424715294138872
Train on 4500 samples, validate on 500 samples
Epoch 1/1
 - 0s - loss: 1.0565 - val_loss: 1.1835
0.643105772845011
Train on 4500 samples, validate on 500 samples
Epoch 1/1
 - 0s - loss: 1.0535 - val_loss: 1.1829
0.6437194939018953
Train on 4500 samples, validate on 500 samples
Epoch 1/1
 - 0s - loss: 1.0506 - val_loss: 1.1823
0.6443136804696132
Train on 4500 samples, validate on 500 samples
Epoch 1/1
 - 0s - loss: 1.0478 - val_loss: 1.1817
0.6448892550558263
Train on 4500 samples, validate on 500 samples
Epoch 1/1
 - 0s - loss: 1.0451 - val_loss: 1.1812
0.6454470800203744
Train on 4500 samples, validate on 500 samples
Epoch 1/1
 - 0s - loss: 1.0423 - val_loss: 1.1806
0.64598796782937
Train on 4500 samples, validate on 500 samples
Epoch 1/1
 - 0s - loss: 1.0397 - val_loss: 1.1802
0.6465126765432684
Train on 4500 samples, validate on 500 samples
Epoch 1/1
 - 0s - loss: 1.0371 - val_loss: 1.1797
0.647021905196629
Train on 4500 samples, validate on 500 samples
Epoch 1/1
 - 0s - loss: 1.0345 - val_loss: 1.1793
0.6475163501952071
Train on 4500 samples, validate on 500 samples
Epoch 1/1
 - 0s - loss: 1.0320 - val_loss: 1.1789
0.6479965704827678
Train on 4500 samples, validate on 500 samples
Epoch 1/1
 - 0s - loss: 1.0295 - val_loss: 1.1785
0.6484631758024242
Train on 4500 samples, validate on 500 samples
Epoch 1/1
 - 0s - loss: 1.0271 - val_loss: 1.1781
0.6489167628131172
Train on 4500 samples, validate on 500 samples
Epoch 1/1
 - 0s - loss: 1.0247 - val_loss: 1.1777
0.6493577990002083
Train on 4500 samples, validate on 500 samples
Epoch 1/1
 - 0s - loss: 1.0223 - val_loss: 1.1774
0.6497868050813953
Train on 4500 samples, validate on 500 samples
Epoch 1/1
 - 0s - loss: 1.0200 - val_loss: 1.1771
0.6502041920812195
Train on 4500 samples, validate on 500 samples
Epoch 1/1
 - 0s - loss: 1.0177 - val_loss: 1.1768
0.6506104334113681
Train on 4500 samples, validate on 500 samples
Epoch 1/1
 - 0s - loss: 1.0155 - val_loss: 1.1765
0.6510060143091719
Train on 4500 samples, validate on 500 samples
Epoch 1/1
 - 0s - loss: 1.0133 - val_loss: 1.1763
0.6513912048139437
Train on 4500 samples, validate on 500 samples
Epoch 1/1
 - 0s - loss: 1.0111 - val_loss: 1.1760
0.6517664437562565
Train on 4500 samples, validate on 500 samples
Epoch 1/1
 - 0s - loss: 1.0090 - val_loss: 1.1758
0.6521320770204653
Train on 4500 samples, validate on 500 samples
Epoch 1/1
 - 0s - loss: 1.0068 - val_loss: 1.1756
0.6524884542347088
Train on 4500 samples, validate on 500 samples
Epoch 1/1
 - 1s - loss: 1.0047 - val_loss: 1.1753
0.6528358744027989
Train on 4500 samples, validate on 500 samples
Epoch 1/1
 - 1s - loss: 1.0027 - val_loss: 1.1752
0.6531746688293926
Train on 4500 samples, validate on 500 samples
Epoch 1/1
 - 0s - loss: 1.0007 - val_loss: 1.1750
0.6535050828462479
Train on 4500 samples, validate on 500 samples
Epoch 1/1
 - 0s - loss: 0.9987 - val_loss: 1.1748
0.6538273995405706
Train on 4500 samples, validate on 500 samples
Epoch 1/1
 - 1s - loss: 0.9967 - val_loss: 1.1746
0.654141938182886
Train on 4500 samples, validate on 500 samples
Epoch 1/1
 - 0s - loss: 0.9947 - val_loss: 1.1745
0.6544488917715462
Train on 4500 samples, validate on 500 samples
Epoch 1/1
 - 0s - loss: 0.9928 - val_loss: 1.1744
0.6547485179963926
Train on 4500 samples, validate on 500 samples
Epoch 1/1
 - 0s - loss: 0.9909 - val_loss: 1.1742
0.6550410388148943
Train on 4500 samples, validate on 500 samples
Epoch 1/1
 - 0s - loss: 0.9890 - val_loss: 1.1741
0.6553266776801404
Train on 4500 samples, validate on 500 samples
Epoch 1/1
 - 0s - loss: 0.9872 - val_loss: 1.1740
0.6556056650138858
Train on 4500 samples, validate on 500 samples
Epoch 1/1
 - 0s - loss: 0.9854 - val_loss: 1.1739
0.6558781659322351
Train on 4500 samples, validate on 500 samples
Epoch 1/1
 - 0s - loss: 0.9836 - val_loss: 1.1738
0.656144374344351
Train on 4500 samples, validate on 500 samples
Epoch 1/1
 - 1s - loss: 0.9818 - val_loss: 1.1737
0.6564044897968161
Train on 4500 samples, validate on 500 samples
Epoch 1/1
 - 0s - loss: 0.9800 - val_loss: 1.1737
0.6566586460300348
Train on 4500 samples, validate on 500 samples
Epoch 1/1
 - 0s - loss: 0.9783 - val_loss: 1.1736
0.6569070664561674
Train on 4500 samples, validate on 500 samples
Epoch 1/1
 - 0s - loss: 0.9765 - val_loss: 1.1735
0.6571498774758928
Train on 4500 samples, validate on 500 samples
Epoch 1/1
 - 0s - loss: 0.9748 - val_loss: 1.1735
0.6573872353224475
Train on 4500 samples, validate on 500 samples
Epoch 1/1
 - 0s - loss: 0.9732 - val_loss: 1.1734
0.6576192724207277
Train on 4500 samples, validate on 500 samples
Epoch 1/1
 - 0s - loss: 0.9715 - val_loss: 1.1734
0.6578461612094868
Train on 4500 samples, validate on 500 samples
Epoch 1/1
 - 0s - loss: 0.9699 - val_loss: 1.1734
0.658068016495083
Train on 4500 samples, validate on 500 samples
Epoch 1/1
 - 0s - loss: 0.9682 - val_loss: 1.1734
0.6582849832018518
Train on 4500 samples, validate on 500 samples
Epoch 1/1
 - 0s - loss: 0.9666 - val_loss: 1.1733
0.6584971530288471
Train on 4500 samples, validate on 500 samples
Epoch 1/1
 - 0s - loss: 0.9650 - val_loss: 1.1733
0.6587046821466396
Train on 4500 samples, validate on 500 samples
Epoch 1/1
 - 0s - loss: 0.9635 - val_loss: 1.1733
0.6589076871835383
Train on 4500 samples, validate on 500 samples
Epoch 1/1
 - 0s - loss: 0.9619 - val_loss: 1.1733
0.6591062341484502
Train on 4500 samples, validate on 500 samples
Epoch 1/1
 - 1s - loss: 0.9604 - val_loss: 1.1733
0.6593004684488344
Train on 4500 samples, validate on 500 samples
Epoch 1/1
 - 0s - loss: 0.9588 - val_loss: 1.1734
0.659490500158699
Train on 4500 samples, validate on 500 samples
Epoch 1/1
 - 0s - loss: 0.9573 - val_loss: 1.1734
0.6596764100849046
Train on 4500 samples, validate on 500 samples
Epoch 1/1
 - 1s - loss: 0.9558 - val_loss: 1.1734
0.6598582820987519
Train on 4500 samples, validate on 500 samples
Epoch 1/1
 - 0s - loss: 0.9543 - val_loss: 1.1734
0.6600362273528328
Train on 4500 samples, validate on 500 samples
Epoch 1/1
 - 0s - loss: 0.9529 - val_loss: 1.1735
0.6602103256248506
Train on 4500 samples, validate on 500 samples
Epoch 1/1
 - 0s - loss: 0.9514 - val_loss: 1.1735
0.6603806693921951
Train on 4500 samples, validate on 500 samples
Epoch 1/1
 - 1s - loss: 0.9500 - val_loss: 1.1736
0.6605473555266315
Train on 4500 samples, validate on 500 samples
Epoch 1/1
 - 0s - loss: 0.9486 - val_loss: 1.1736
0.6607104420673411
Train on 4500 samples, validate on 500 samples
Epoch 1/1
 - 0s - loss: 0.9472 - val_loss: 1.1737
0.6608699951468425
Train on 4500 samples, validate on 500 samples
Epoch 1/1
 - 0s - loss: 0.9458 - val_loss: 1.1737
0.6610261568147033
Train on 4500 samples, validate on 500 samples
Epoch 1/1
 - 0s - loss: 0.9444 - val_loss: 1.1738
0.6611789102649636
Train on 4500 samples, validate on 500 samples
Epoch 1/1
 - 0s - loss: 0.9430 - val_loss: 1.1739
0.6613283916020591
Train on 4500 samples, validate on 500 samples
Epoch 1/1
 - 0s - loss: 0.9417 - val_loss: 1.1739
0.6614746369794967
Train on 4500 samples, validate on 500 samples
Epoch 1/1
 - 0s - loss: 0.9403 - val_loss: 1.1740
0.661617743985625
Train on 4500 samples, validate on 500 samples
Epoch 1/1
 - 1s - loss: 0.9390 - val_loss: 1.1741
0.6617577525766795
Train on 4500 samples, validate on 500 samples
Epoch 1/1
 - 1s - loss: 0.9377 - val_loss: 1.1742
0.6618947219193979
Train on 4500 samples, validate on 500 samples
Epoch 1/1
 - 0s - loss: 0.9364 - val_loss: 1.1743
0.6620287292775094
Train on 4500 samples, validate on 500 samples
Epoch 1/1
 - 0s - loss: 0.9351 - val_loss: 1.1744
0.6621598128997623
Train on 4500 samples, validate on 500 samples
Epoch 1/1
 - 0s - loss: 0.9338 - val_loss: 1.1745
0.6622880849699542
Train on 4500 samples, validate on 500 samples
Epoch 1/1
 - 1s - loss: 0.9325 - val_loss: 1.1746
0.6624135145914148
Train on 4500 samples, validate on 500 samples
Epoch 1/1
 - 0s - loss: 0.9312 - val_loss: 1.1747
0.6625362048809537
Train on 4500 samples, validate on 500 samples
Epoch 1/1
 - 0s - loss: 0.9300 - val_loss: 1.1748
0.6626562490036783
Train on 4500 samples, validate on 500 samples
Epoch 1/1
 - 0s - loss: 0.9288 - val_loss: 1.1749
0.6627736060431221
Train on 4500 samples, validate on 500 samples
Epoch 1/1
 - 0s - loss: 0.9275 - val_loss: 1.1750
0.6628884035751529
Train on 4500 samples, validate on 500 samples
Epoch 1/1
 - 1s - loss: 0.9263 - val_loss: 1.1751
0.6630006700801715
Train on 4500 samples, validate on 500 samples
Epoch 1/1
 - 1s - loss: 0.9251 - val_loss: 1.1753
0.6631104284812541
Train on 4500 samples, validate on 500 samples
Epoch 1/1
 - 1s - loss: 0.9239 - val_loss: 1.1754
0.6632177802102456
Train on 4500 samples, validate on 500 samples
Epoch 1/1
 - 0s - loss: 0.9227 - val_loss: 1.1755
0.6633227048332566
Train on 4500 samples, validate on 500 samples
Epoch 1/1
 - 1s - loss: 0.9215 - val_loss: 1.1756
0.6634252793332542
Train on 4500 samples, validate on 500 samples
Epoch 1/1
 - 0s - loss: 0.9204 - val_loss: 1.1758
0.6635255613253307
Train on 4500 samples, validate on 500 samples
Epoch 1/1
 - 0s - loss: 0.9192 - val_loss: 1.1759
0.6636235867734819
Train on 4500 samples, validate on 500 samples
Epoch 1/1
 - 1s - loss: 0.9181 - val_loss: 1.1761
0.6637193630912075
Train on 4500 samples, validate on 500 samples
Epoch 1/1
 - 0s - loss: 0.9169 - val_loss: 1.1762
0.663812967669085
Train on 4500 samples, validate on 500 samples
Epoch 1/1
 - 0s - loss: 0.9158 - val_loss: 1.1763
0.663904429022133
Train on 4500 samples, validate on 500 samples
Epoch 1/1
 - 0s - loss: 0.9147 - val_loss: 1.1765
0.6639938015264536
Train on 4500 samples, validate on 500 samples
Epoch 1/1
 - 1s - loss: 0.9136 - val_loss: 1.1766
0.6640810948756423
Train on 4500 samples, validate on 500 samples
Epoch 1/1
 - 1s - loss: 0.9125 - val_loss: 1.1768
0.6641663716952744
Train on 4500 samples, validate on 500 samples
Epoch 1/1
 - 0s - loss: 0.9114 - val_loss: 1.1769
0.6642496568817551
Train on 4500 samples, validate on 500 samples
Epoch 1/1
 - 0s - loss: 0.9103 - val_loss: 1.1771
0.664330978923422
Train on 4500 samples, validate on 500 samples
Epoch 1/1
 - 0s - loss: 0.9092 - val_loss: 1.1773
0.6644103962780157
Train on 4500 samples, validate on 500 samples
Epoch 1/1
 - 0s - loss: 0.9081 - val_loss: 1.1774
0.6644879033448114
Train on 4500 samples, validate on 500 samples
Epoch 1/1
 - 0s - loss: 0.9071 - val_loss: 1.1776
0.6645635766401845
Train on 4500 samples, validate on 500 samples
Epoch 1/1
 - 0s - loss: 0.9060 - val_loss: 1.1778
0.6646373995755397
Train on 4500 samples, validate on 500 samples
Epoch 1/1
 - 0s - loss: 0.9050 - val_loss: 1.1779
0.6647094776804191
Train on 4500 samples, validate on 500 samples
Epoch 1/1
 - 0s - loss: 0.9039 - val_loss: 1.1781
0.6647797938046305
Train on 4500 samples, validate on 500 samples
Epoch 1/1
 - 0s - loss: 0.9029 - val_loss: 1.1783
0.6648483761882178
Train on 4500 samples, validate on 500 samples
Epoch 1/1
 - 1s - loss: 0.9019 - val_loss: 1.1785
0.6649152432529563
Train on 4500 samples, validate on 500 samples
Epoch 1/1
 - 0s - loss: 0.9009 - val_loss: 1.1786
0.6649804557956753
Train on 4500 samples, validate on 500 samples
Epoch 1/1
 - 0s - loss: 0.8998 - val_loss: 1.1788
0.6650440566865066
Train on 4500 samples, validate on 500 samples
Epoch 1/1
 - 0s - loss: 0.8988 - val_loss: 1.1790
0.6651060302578743
Train on 4500 samples, validate on 500 samples
Epoch 1/1
 - 0s - loss: 0.8979 - val_loss: 1.1792
0.6651664062358392
Train on 4500 samples, validate on 500 samples
Epoch 1/1
 - 1s - loss: 0.8969 - val_loss: 1.1794
0.6652252496529264
Train on 4500 samples, validate on 500 samples
Epoch 1/1
 - 1s - loss: 0.8959 - val_loss: 1.1796
0.6652825685047333
Train on 4500 samples, validate on 500 samples
Epoch 1/1
 - 0s - loss: 0.8949 - val_loss: 1.1797
0.6653383913641594
Train on 4500 samples, validate on 500 samples
Epoch 1/1
 - 1s - loss: 0.8939 - val_loss: 1.1799
0.6653927053002155
Train on 4500 samples, validate on 500 samples
Epoch 1/1
 - 1s - loss: 0.8930 - val_loss: 1.1801
0.6654456323899599
Train on 4500 samples, validate on 500 samples
Epoch 1/1
 - 0s - loss: 0.8920 - val_loss: 1.1803
0.6654970983370982
Train on 4500 samples, validate on 500 samples
Epoch 1/1
 - 1s - loss: 0.8911 - val_loss: 1.1805
0.6655471620649475
Train on 4500 samples, validate on 500 samples
Epoch 1/1
 - 1s - loss: 0.8902 - val_loss: 1.1807
0.6655958647994284
Train on 4500 samples, validate on 500 samples
Epoch 1/1
 - 1s - loss: 0.8892 - val_loss: 1.1809
0.665643208751591
Train on 4500 samples, validate on 500 samples
Epoch 1/1
 - 0s - loss: 0.8883 - val_loss: 1.1811
0.6656892198066862
Train on 4500 samples, validate on 500 samples
Epoch 1/1
 - 0s - loss: 0.8874 - val_loss: 1.1813
0.6657339112601941
Train on 4500 samples, validate on 500 samples
Epoch 1/1
 - 0s - loss: 0.8865 - val_loss: 1.1815
0.665777359142195
Train on 4500 samples, validate on 500 samples
Epoch 1/1
 - 0s - loss: 0.8856 - val_loss: 1.1817
0.6658195064856637
Train on 4500 samples, validate on 500 samples
Epoch 1/1
 - 0s - loss: 0.8846 - val_loss: 1.1819
0.6658604179299765
Train on 4500 samples, validate on 500 samples
Epoch 1/1
 - 0s - loss: 0.8838 - val_loss: 1.1822
0.665900125357099
Train on 4500 samples, validate on 500 samples
Epoch 1/1
 - 1s - loss: 0.8829 - val_loss: 1.1824
0.6659386052301519
Train on 4500 samples, validate on 500 samples
Epoch 1/1
 - 1s - loss: 0.8820 - val_loss: 1.1826
0.6659759405706592
Train on 4500 samples, validate on 500 samples
Epoch 1/1
 - 1s - loss: 0.8811 - val_loss: 1.1828
0.6660120801072758
Train on 4500 samples, validate on 500 samples
Epoch 1/1
 - 0s - loss: 0.8802 - val_loss: 1.1830
0.6660470906981246
Train on 4500 samples, validate on 500 samples
Epoch 1/1
 - 1s - loss: 0.8794 - val_loss: 1.1832
0.6660809525043456
Train on 4500 samples, validate on 500 samples
Epoch 1/1
 - 0s - loss: 0.8785 - val_loss: 1.1834
0.6661137592413795
Train on 4500 samples, validate on 500 samples
Epoch 1/1
 - 0s - loss: 0.8776 - val_loss: 1.1837
0.6661454576307985
Train on 4500 samples, validate on 500 samples
Epoch 1/1
 - 1s - loss: 0.8768 - val_loss: 1.1839
0.6661760700646564
Train on 4500 samples, validate on 500 samples
Epoch 1/1
 - 1s - loss: 0.8759 - val_loss: 1.1841
0.6662056406263686
Train on 4500 samples, validate on 500 samples
Epoch 1/1
 - 0s - loss: 0.8751 - val_loss: 1.1843
0.6662341718568489
Train on 4500 samples, validate on 500 samples
Epoch 1/1
 - 1s - loss: 0.8743 - val_loss: 1.1846
0.6662617166429826
Train on 4500 samples, validate on 500 samples
Epoch 1/1
 - 0s - loss: 0.8734 - val_loss: 1.1848
0.6662882589088492
Train on 4500 samples, validate on 500 samples
Epoch 1/1
 - 1s - loss: 0.8726 - val_loss: 1.1850
0.6663138128865139
Train on 4500 samples, validate on 500 samples
Epoch 1/1
 - 1s - loss: 0.8718 - val_loss: 1.1852
0.666338370168854
Train on 4500 samples, validate on 500 samples
Epoch 1/1
 - 1s - loss: 0.8710 - val_loss: 1.1855
0.6663620047624581
Train on 4500 samples, validate on 500 samples
Epoch 1/1
 - 1s - loss: 0.8702 - val_loss: 1.1857
0.6663847052954351
Train on 4500 samples, validate on 500 samples
Epoch 1/1
 - 0s - loss: 0.8694 - val_loss: 1.1859
0.6664064698089509
Train on 4500 samples, validate on 500 samples
Epoch 1/1
 - 0s - loss: 0.8686 - val_loss: 1.1862
0.6664273348545386
Train on 4500 samples, validate on 500 samples
Epoch 1/1
 - 1s - loss: 0.8678 - val_loss: 1.1864
0.6664472972121046
Train on 4500 samples, validate on 500 samples
Epoch 1/1
 - 0s - loss: 0.8670 - val_loss: 1.1866
0.6664663867139125
Train on 4500 samples, validate on 500 samples
Epoch 1/1
 - 0s - loss: 0.8662 - val_loss: 1.1869
0.6664846208170333
Train on 4500 samples, validate on 500 samples
Epoch 1/1
 - 0s - loss: 0.8654 - val_loss: 1.1871
0.6665020030305429
Train on 4500 samples, validate on 500 samples
Epoch 1/1
 - 0s - loss: 0.8647 - val_loss: 1.1873
0.6665185406322219
Train on 4500 samples, validate on 500 samples
Epoch 1/1
 - 1s - loss: 0.8639 - val_loss: 1.1876
0.6665342671010903
Train on 4500 samples, validate on 500 samples
Epoch 1/1
 - 0s - loss: 0.8631 - val_loss: 1.1878
0.6665491948484128
Train on 4500 samples, validate on 500 samples
Epoch 1/1
 - 1s - loss: 0.8624 - val_loss: 1.1881
0.6665632932939562
Train on 4500 samples, validate on 500 samples
Epoch 1/1
 - 0s - loss: 0.8616 - val_loss: 1.1883
0.6665766498059762
Train on 4500 samples, validate on 500 samples
Epoch 1/1
 - 0s - loss: 0.8608 - val_loss: 1.1885
0.6665891743311653
Train on 4500 samples, validate on 500 samples
Epoch 1/1
 - 0s - loss: 0.8601 - val_loss: 1.1888
0.6666009797841885
Train on 4500 samples, validate on 500 samples
Epoch 1/1
 - 0s - loss: 0.8594 - val_loss: 1.1890
0.6666120321901422
Train on 4500 samples, validate on 500 samples
Epoch 1/1
 - 1s - loss: 0.8586 - val_loss: 1.1893
0.6666223451887482
Train on 4500 samples, validate on 500 samples
Epoch 1/1
 - 0s - loss: 0.8579 - val_loss: 1.1895
0.6666319292370498
Train on 4500 samples, validate on 500 samples
Epoch 1/1
 - 1s - loss: 0.8571 - val_loss: 1.1898
0.6666407915907885
Train on 4500 samples, validate on 500 samples
Epoch 1/1
 - 0s - loss: 0.8564 - val_loss: 1.1900
0.6666489749776988
Train on 4500 samples, validate on 500 samples
Epoch 1/1
 - 0s - loss: 0.8557 - val_loss: 1.1903
0.6666564341306528
Train on 4500 samples, validate on 500 samples
Epoch 1/1
 - 0s - loss: 0.8550 - val_loss: 1.1905
0.6666632368529926
Train on 4500 samples, validate on 500 samples
Epoch 1/1
 - 0s - loss: 0.8543 - val_loss: 1.1908
0.6666693615948094
Train on 4500 samples, validate on 500 samples
Epoch 1/1
 - 0s - loss: 0.8535 - val_loss: 1.1910
0.6666748357718738
Train on 4500 samples, validate on 500 samples
Epoch 1/1
 - 0s - loss: 0.8528 - val_loss: 1.1913
0.6666796436080935
Train on 4500 samples, validate on 500 samples
Epoch 1/1
 - 1s - loss: 0.8521 - val_loss: 1.1915
0.6666837959116901
Train on 4500 samples, validate on 500 samples
Epoch 1/1
 - 0s - loss: 0.8514 - val_loss: 1.1918
0.6666873405043856
Train on 4500 samples, validate on 500 samples
Epoch 1/1
 - 0s - loss: 0.8507 - val_loss: 1.1920
0.666690252847328
Train on 4500 samples, validate on 500 samples
Epoch 1/1
 - 0s - loss: 0.8500 - val_loss: 1.1923
0.6666925567095446
Train on 4500 samples, validate on 500 samples
Epoch 1/1
 - 0s - loss: 0.8494 - val_loss: 1.1925
0.6666942704042135
Train on 4500 samples, validate on 500 samples
Epoch 1/1
 - 1s - loss: 0.8487 - val_loss: 1.1928
0.6666953757798643
Train on 4500 samples, validate on 500 samples
Epoch 1/1
 - 0s - loss: 0.8480 - val_loss: 1.1930
0.6666959027604662
Train on 4500 samples, validate on 500 samples
Epoch 1/1
 - 1s - loss: 0.8473 - val_loss: 1.1933
Dev Pearson: 0.6666959027604662
Computing test skipthoughts...
Computing feature combinations...
Evaluating...
Test Pearson: 0.7043042466769939
Test Spearman: 0.651137761087252
Test MSE: 0.5132007709577843
