/truba/home/ebudur/anaconda2/envs/tse/lib/python2.7/site-packages/sklearn/cross_validation.py:41: DeprecationWarning: This module was deprecated in version 0.18 in favor of the model_selection module into which all the refactored classes and functions are moved. Also note that the interface of the new CV iterators are different from that of this module. This module will be removed in 0.20.
  "This module will be removed in 0.20.", DeprecationWarning)
Using TensorFlow backend.
INFO:tensorflow:Building model.
INFO:tensorflow:Reading vocabulary from /truba/home/ebudur/tse-s2v/data/bulk_sentences/tr/TR-TFRecords/vocab.txt
INFO:tensorflow:Loaded vocabulary with 100000 words.
WARNING:tensorflow:From /truba/home/ebudur/anaconda2/envs/tse/lib/python2.7/site-packages/tensorflow/python/ops/rnn.py:417: calling reverse_sequence (from tensorflow.python.ops.array_ops) with seq_dim is deprecated and will be removed in a future version.
Instructions for updating:
seq_dim is deprecated, use seq_axis instead
WARNING:tensorflow:From /truba/home/ebudur/anaconda2/envs/tse/lib/python2.7/site-packages/tensorflow/python/util/deprecation.py:432: calling reverse_sequence (from tensorflow.python.ops.array_ops) with batch_dim is deprecated and will be removed in a future version.
Instructions for updating:
batch_dim is deprecated, use batch_axis instead
2018-11-23 00:20:09.193510: I tensorflow/core/platform/cpu_feature_guard.cc:141] Your CPU supports instructions that this TensorFlow binary was not compiled to use: AVX2 AVX512F FMA
INFO:tensorflow:Loading model from checkpoint: /truba_scratch/ebudur/data/results/TR/train/model.ckpt-61652
INFO:tensorflow:Restoring parameters from /truba_scratch/ebudur/data/results/TR/train/model.ckpt-61652
INFO:tensorflow:Successfully loaded checkpoint: model.ckpt-61652
INFO:tensorflow:Batch 0 / 36.
INFO:tensorflow:Batch 1 / 36.
INFO:tensorflow:Batch 2 / 36.
INFO:tensorflow:Batch 3 / 36.
INFO:tensorflow:Batch 4 / 36.
INFO:tensorflow:Batch 5 / 36.
INFO:tensorflow:Batch 6 / 36.
INFO:tensorflow:Batch 7 / 36.
INFO:tensorflow:Batch 8 / 36.
INFO:tensorflow:Batch 9 / 36.
INFO:tensorflow:Batch 10 / 36.
INFO:tensorflow:Batch 11 / 36.
INFO:tensorflow:Batch 12 / 36.
INFO:tensorflow:Batch 13 / 36.
INFO:tensorflow:Batch 14 / 36.
INFO:tensorflow:Batch 15 / 36.
INFO:tensorflow:Batch 16 / 36.
INFO:tensorflow:Batch 17 / 36.
INFO:tensorflow:Batch 18 / 36.
INFO:tensorflow:Batch 19 / 36.
INFO:tensorflow:Batch 20 / 36.
INFO:tensorflow:Batch 21 / 36.
INFO:tensorflow:Batch 22 / 36.
INFO:tensorflow:Batch 23 / 36.
INFO:tensorflow:Batch 24 / 36.
INFO:tensorflow:Batch 25 / 36.
INFO:tensorflow:Batch 26 / 36.
INFO:tensorflow:Batch 27 / 36.
INFO:tensorflow:Batch 28 / 36.
INFO:tensorflow:Batch 29 / 36.
INFO:tensorflow:Batch 30 / 36.
INFO:tensorflow:Batch 31 / 36.
INFO:tensorflow:Batch 32 / 36.
INFO:tensorflow:Batch 33 / 36.
INFO:tensorflow:Batch 34 / 36.
INFO:tensorflow:Batch 35 / 36.
INFO:tensorflow:Batch 0 / 36.
INFO:tensorflow:Batch 1 / 36.
INFO:tensorflow:Batch 2 / 36.
INFO:tensorflow:Batch 3 / 36.
INFO:tensorflow:Batch 4 / 36.
INFO:tensorflow:Batch 5 / 36.
INFO:tensorflow:Batch 6 / 36.
INFO:tensorflow:Batch 7 / 36.
INFO:tensorflow:Batch 8 / 36.
INFO:tensorflow:Batch 9 / 36.
INFO:tensorflow:Batch 10 / 36.
INFO:tensorflow:Batch 11 / 36.
INFO:tensorflow:Batch 12 / 36.
INFO:tensorflow:Batch 13 / 36.
INFO:tensorflow:Batch 14 / 36.
INFO:tensorflow:Batch 15 / 36.
INFO:tensorflow:Batch 16 / 36.
INFO:tensorflow:Batch 17 / 36.
INFO:tensorflow:Batch 18 / 36.
INFO:tensorflow:Batch 19 / 36.
INFO:tensorflow:Batch 20 / 36.
INFO:tensorflow:Batch 21 / 36.
INFO:tensorflow:Batch 22 / 36.
INFO:tensorflow:Batch 23 / 36.
INFO:tensorflow:Batch 24 / 36.
INFO:tensorflow:Batch 25 / 36.
INFO:tensorflow:Batch 26 / 36.
INFO:tensorflow:Batch 27 / 36.
INFO:tensorflow:Batch 28 / 36.
INFO:tensorflow:Batch 29 / 36.
INFO:tensorflow:Batch 30 / 36.
INFO:tensorflow:Batch 31 / 36.
INFO:tensorflow:Batch 32 / 36.
INFO:tensorflow:Batch 33 / 36.
INFO:tensorflow:Batch 34 / 36.
INFO:tensorflow:Batch 35 / 36.
/truba/home/ebudur/tse-s2v/src/eval_sick.py:72: UserWarning: Update your `Dense` call to the Keras 2 API: `Dense(units=5, input_dim=4800)`
  lrmodel.add(Dense(input_dim=ninputs, output_dim=nclass))
