[nltk_data] Downloading package punkt to
[nltk_data]     /truba/home/ebudur/nltk_data...
[nltk_data]   Package punkt is already up-to-date!
model_config <configuration._HParams object at 0x2acc58347190>
gru
model_config.checkpoint_path, s2v_encoder.py,  /truba/home/ebudur/tse-s2v/data/results/TR/train
II-checkpoint_path, s2v_encoder.py /truba/home/ebudur/tse-s2v/data/results/TR/train
III-checkpoint_path, s2v_encoder.py /truba_scratch/ebudur/data/results/TR/train/model.ckpt-61652
Preparing data...
('loc', '/truba/home/ebudur/tse-s2v/data/sem_sim/tr/SICK/')
Computing training skipthoughts...
Computing development skipthoughts...
Computing feature combinations...
Encoding labels...
Compiling model...
Training...
Train on 4500 samples, validate on 500 samples
Epoch 1/1
 - 1s - loss: 1.4673 - val_loss: 1.4239
0.11865042663942131
Train on 4500 samples, validate on 500 samples
Epoch 1/1
 - 0s - loss: 1.3999 - val_loss: 1.3798
0.5943243734932661
Train on 4500 samples, validate on 500 samples
Epoch 1/1
 - 0s - loss: 1.3511 - val_loss: 1.3443
0.6371875922169505
Train on 4500 samples, validate on 500 samples
Epoch 1/1
 - 0s - loss: 1.3114 - val_loss: 1.3155
0.6493193654435095
Train on 4500 samples, validate on 500 samples
Epoch 1/1
 - 0s - loss: 1.2789 - val_loss: 1.2919
0.6562742199572484
Train on 4500 samples, validate on 500 samples
Epoch 1/1
 - 0s - loss: 1.2518 - val_loss: 1.2724
0.6615291187106719
Train on 4500 samples, validate on 500 samples
Epoch 1/1
 - 0s - loss: 1.2290 - val_loss: 1.2560
0.6659234826042546
Train on 4500 samples, validate on 500 samples
Epoch 1/1
 - 0s - loss: 1.2095 - val_loss: 1.2420
0.6697535844365043
Train on 4500 samples, validate on 500 samples
Epoch 1/1
 - 0s - loss: 1.1925 - val_loss: 1.2301
0.6731623500705599
Train on 4500 samples, validate on 500 samples
Epoch 1/1
 - 0s - loss: 1.1775 - val_loss: 1.2197
0.676234618794099
Train on 4500 samples, validate on 500 samples
Epoch 1/1
 - 0s - loss: 1.1642 - val_loss: 1.2107
0.6790286932856197
Train on 4500 samples, validate on 500 samples
Epoch 1/1
 - 0s - loss: 1.1522 - val_loss: 1.2027
0.6815879731493838
Train on 4500 samples, validate on 500 samples
Epoch 1/1
 - 0s - loss: 1.1414 - val_loss: 1.1956
0.683946539795193
Train on 4500 samples, validate on 500 samples
Epoch 1/1
 - 0s - loss: 1.1315 - val_loss: 1.1893
0.6861313772274142
Train on 4500 samples, validate on 500 samples
Epoch 1/1
 - 0s - loss: 1.1224 - val_loss: 1.1836
0.6881644564491652
Train on 4500 samples, validate on 500 samples
Epoch 1/1
 - 0s - loss: 1.1140 - val_loss: 1.1785
0.6900637364979609
Train on 4500 samples, validate on 500 samples
Epoch 1/1
 - 0s - loss: 1.1062 - val_loss: 1.1739
0.6918443891346275
Train on 4500 samples, validate on 500 samples
Epoch 1/1
 - 0s - loss: 1.0989 - val_loss: 1.1697
0.6935189256416123
Train on 4500 samples, validate on 500 samples
Epoch 1/1
 - 0s - loss: 1.0920 - val_loss: 1.1659
0.6950981398814227
Train on 4500 samples, validate on 500 samples
Epoch 1/1
 - 0s - loss: 1.0856 - val_loss: 1.1623
0.6965910902823115
Train on 4500 samples, validate on 500 samples
Epoch 1/1
 - 0s - loss: 1.0795 - val_loss: 1.1591
0.6980056431886064
Train on 4500 samples, validate on 500 samples
Epoch 1/1
 - 0s - loss: 1.0737 - val_loss: 1.1561
0.6993485208023373
Train on 4500 samples, validate on 500 samples
Epoch 1/1
 - 0s - loss: 1.0682 - val_loss: 1.1534
0.7006257176314915
Train on 4500 samples, validate on 500 samples
Epoch 1/1
 - 0s - loss: 1.0629 - val_loss: 1.1508
0.7018423378761912
Train on 4500 samples, validate on 500 samples
Epoch 1/1
 - 0s - loss: 1.0579 - val_loss: 1.1485
0.7030030168570773
Train on 4500 samples, validate on 500 samples
Epoch 1/1
 - 0s - loss: 1.0531 - val_loss: 1.1463
0.70411181499012
Train on 4500 samples, validate on 500 samples
Epoch 1/1
 - 0s - loss: 1.0485 - val_loss: 1.1442
0.7051723406543634
Train on 4500 samples, validate on 500 samples
Epoch 1/1
 - 0s - loss: 1.0441 - val_loss: 1.1423
0.7061878326111712
Train on 4500 samples, validate on 500 samples
Epoch 1/1
 - 0s - loss: 1.0398 - val_loss: 1.1405
0.7071612932363008
Train on 4500 samples, validate on 500 samples
Epoch 1/1
 - 0s - loss: 1.0357 - val_loss: 1.1389
0.7080953231284853
Train on 4500 samples, validate on 500 samples
Epoch 1/1
 - 0s - loss: 1.0317 - val_loss: 1.1373
0.7089923651775739
Train on 4500 samples, validate on 500 samples
Epoch 1/1
 - 0s - loss: 1.0278 - val_loss: 1.1358
0.7098546114358142
Train on 4500 samples, validate on 500 samples
Epoch 1/1
 - 0s - loss: 1.0241 - val_loss: 1.1344
0.710684114879814
Train on 4500 samples, validate on 500 samples
Epoch 1/1
 - 0s - loss: 1.0205 - val_loss: 1.1331
0.7114826812534654
Train on 4500 samples, validate on 500 samples
Epoch 1/1
 - 0s - loss: 1.0170 - val_loss: 1.1319
0.7122520478086317
Train on 4500 samples, validate on 500 samples
Epoch 1/1
 - 0s - loss: 1.0136 - val_loss: 1.1308
0.7129937540766509
Train on 4500 samples, validate on 500 samples
Epoch 1/1
 - 0s - loss: 1.0103 - val_loss: 1.1297
0.7137092850183441
Train on 4500 samples, validate on 500 samples
Epoch 1/1
 - 0s - loss: 1.0070 - val_loss: 1.1287
0.7143999493916116
Train on 4500 samples, validate on 500 samples
Epoch 1/1
 - 0s - loss: 1.0039 - val_loss: 1.1277
0.7150669743046649
Train on 4500 samples, validate on 500 samples
Epoch 1/1
 - 0s - loss: 1.0008 - val_loss: 1.1268
0.715711544933243
Train on 4500 samples, validate on 500 samples
Epoch 1/1
 - 0s - loss: 0.9978 - val_loss: 1.1259
0.716334708384728
Train on 4500 samples, validate on 500 samples
Epoch 1/1
 - 1s - loss: 0.9949 - val_loss: 1.1251
0.7169374632742307
Train on 4500 samples, validate on 500 samples
Epoch 1/1
 - 0s - loss: 0.9920 - val_loss: 1.1243
0.7175207467744653
Train on 4500 samples, validate on 500 samples
Epoch 1/1
 - 0s - loss: 0.9892 - val_loss: 1.1236
0.7180854192379462
Train on 4500 samples, validate on 500 samples
Epoch 1/1
 - 0s - loss: 0.9865 - val_loss: 1.1229
0.71863228940402
Train on 4500 samples, validate on 500 samples
Epoch 1/1
 - 0s - loss: 0.9838 - val_loss: 1.1223
0.7191621146353552
Train on 4500 samples, validate on 500 samples
Epoch 1/1
 - 0s - loss: 0.9811 - val_loss: 1.1216
0.71967560011205
Train on 4500 samples, validate on 500 samples
Epoch 1/1
 - 0s - loss: 0.9786 - val_loss: 1.1210
0.7201734508132177
Train on 4500 samples, validate on 500 samples
Epoch 1/1
 - 0s - loss: 0.9760 - val_loss: 1.1205
0.72065623804295
Train on 4500 samples, validate on 500 samples
Epoch 1/1
 - 0s - loss: 0.9736 - val_loss: 1.1200
0.7211245729885889
Train on 4500 samples, validate on 500 samples
Epoch 1/1
 - 0s - loss: 0.9711 - val_loss: 1.1195
0.7215790031945507
Train on 4500 samples, validate on 500 samples
Epoch 1/1
 - 0s - loss: 0.9688 - val_loss: 1.1190
0.7220200963432157
Train on 4500 samples, validate on 500 samples
Epoch 1/1
 - 0s - loss: 0.9664 - val_loss: 1.1186
0.7224482997444084
Train on 4500 samples, validate on 500 samples
Epoch 1/1
 - 0s - loss: 0.9641 - val_loss: 1.1181
0.7228641279214273
Train on 4500 samples, validate on 500 samples
Epoch 1/1
 - 0s - loss: 0.9618 - val_loss: 1.1177
0.7232680015087498
Train on 4500 samples, validate on 500 samples
Epoch 1/1
 - 0s - loss: 0.9596 - val_loss: 1.1174
0.7236603379401239
Train on 4500 samples, validate on 500 samples
Epoch 1/1
 - 0s - loss: 0.9574 - val_loss: 1.1170
0.7240415494923204
Train on 4500 samples, validate on 500 samples
Epoch 1/1
 - 0s - loss: 0.9553 - val_loss: 1.1167
0.7244120588680645
Train on 4500 samples, validate on 500 samples
Epoch 1/1
 - 0s - loss: 0.9532 - val_loss: 1.1163
0.7247721856505142
Train on 4500 samples, validate on 500 samples
Epoch 1/1
 - 0s - loss: 0.9511 - val_loss: 1.1161
0.7251222983427338
Train on 4500 samples, validate on 500 samples
Epoch 1/1
 - 0s - loss: 0.9490 - val_loss: 1.1158
0.7254627336367697
Train on 4500 samples, validate on 500 samples
Epoch 1/1
 - 0s - loss: 0.9470 - val_loss: 1.1155
0.7257938187182421
Train on 4500 samples, validate on 500 samples
Epoch 1/1
 - 0s - loss: 0.9450 - val_loss: 1.1153
0.7261158454429608
Train on 4500 samples, validate on 500 samples
Epoch 1/1
 - 0s - loss: 0.9430 - val_loss: 1.1150
0.7264291343325142
Train on 4500 samples, validate on 500 samples
Epoch 1/1
 - 0s - loss: 0.9411 - val_loss: 1.1148
0.7267339518256437
Train on 4500 samples, validate on 500 samples
Epoch 1/1
 - 0s - loss: 0.9392 - val_loss: 1.1146
0.7270305535868417
Train on 4500 samples, validate on 500 samples
Epoch 1/1
 - 0s - loss: 0.9373 - val_loss: 1.1144
0.7273192369531349
Train on 4500 samples, validate on 500 samples
Epoch 1/1
 - 0s - loss: 0.9355 - val_loss: 1.1142
0.7276002444435216
Train on 4500 samples, validate on 500 samples
Epoch 1/1
 - 0s - loss: 0.9336 - val_loss: 1.1141
0.7278738205826684
Train on 4500 samples, validate on 500 samples
Epoch 1/1
 - 0s - loss: 0.9318 - val_loss: 1.1139
0.7281401571622936
Train on 4500 samples, validate on 500 samples
Epoch 1/1
 - 1s - loss: 0.9300 - val_loss: 1.1138
0.7283995544148779
Train on 4500 samples, validate on 500 samples
Epoch 1/1
 - 0s - loss: 0.9283 - val_loss: 1.1137
0.7286521631501635
Train on 4500 samples, validate on 500 samples
Epoch 1/1
 - 0s - loss: 0.9265 - val_loss: 1.1136
0.728898242589028
Train on 4500 samples, validate on 500 samples
Epoch 1/1
 - 0s - loss: 0.9248 - val_loss: 1.1134
0.7291379347551513
Train on 4500 samples, validate on 500 samples
Epoch 1/1
 - 1s - loss: 0.9231 - val_loss: 1.1133
0.7293715093995845
Train on 4500 samples, validate on 500 samples
Epoch 1/1
 - 0s - loss: 0.9215 - val_loss: 1.1133
0.7295991120030287
Train on 4500 samples, validate on 500 samples
Epoch 1/1
 - 0s - loss: 0.9198 - val_loss: 1.1132
0.7298209190403596
Train on 4500 samples, validate on 500 samples
Epoch 1/1
 - 0s - loss: 0.9182 - val_loss: 1.1131
0.7300371391684235
Train on 4500 samples, validate on 500 samples
Epoch 1/1
 - 1s - loss: 0.9166 - val_loss: 1.1131
0.7302478981045016
Train on 4500 samples, validate on 500 samples
Epoch 1/1
 - 0s - loss: 0.9150 - val_loss: 1.1130
0.7304534142477841
Train on 4500 samples, validate on 500 samples
Epoch 1/1
 - 0s - loss: 0.9134 - val_loss: 1.1130
0.7306538117433796
Train on 4500 samples, validate on 500 samples
Epoch 1/1
 - 0s - loss: 0.9119 - val_loss: 1.1129
0.7308492206282458
Train on 4500 samples, validate on 500 samples
Epoch 1/1
 - 1s - loss: 0.9103 - val_loss: 1.1129
0.7310398291035806
Train on 4500 samples, validate on 500 samples
Epoch 1/1
 - 0s - loss: 0.9088 - val_loss: 1.1129
0.7312258059508732
Train on 4500 samples, validate on 500 samples
Epoch 1/1
 - 0s - loss: 0.9073 - val_loss: 1.1129
0.7314072346650933
Train on 4500 samples, validate on 500 samples
Epoch 1/1
 - 1s - loss: 0.9058 - val_loss: 1.1129
0.7315842447514533
Train on 4500 samples, validate on 500 samples
Epoch 1/1
 - 0s - loss: 0.9043 - val_loss: 1.1129
0.7317570217339172
Train on 4500 samples, validate on 500 samples
Epoch 1/1
 - 1s - loss: 0.9029 - val_loss: 1.1129
0.7319256582033942
Train on 4500 samples, validate on 500 samples
Epoch 1/1
 - 0s - loss: 0.9014 - val_loss: 1.1129
0.732090268517321
Train on 4500 samples, validate on 500 samples
Epoch 1/1
 - 0s - loss: 0.9000 - val_loss: 1.1129
0.7322509948251925
Train on 4500 samples, validate on 500 samples
Epoch 1/1
 - 0s - loss: 0.8986 - val_loss: 1.1130
0.7324079287475299
Train on 4500 samples, validate on 500 samples
Epoch 1/1
 - 0s - loss: 0.8972 - val_loss: 1.1130
0.7325611885732746
Train on 4500 samples, validate on 500 samples
Epoch 1/1
 - 0s - loss: 0.8958 - val_loss: 1.1131
0.7327108778978307
Train on 4500 samples, validate on 500 samples
Epoch 1/1
 - 0s - loss: 0.8945 - val_loss: 1.1131
0.7328570984627361
Train on 4500 samples, validate on 500 samples
Epoch 1/1
 - 0s - loss: 0.8931 - val_loss: 1.1132
0.7329999332342212
Train on 4500 samples, validate on 500 samples
Epoch 1/1
 - 0s - loss: 0.8918 - val_loss: 1.1132
0.7331395281481317
Train on 4500 samples, validate on 500 samples
Epoch 1/1
 - 0s - loss: 0.8905 - val_loss: 1.1133
0.7332759509186334
Train on 4500 samples, validate on 500 samples
Epoch 1/1
 - 1s - loss: 0.8891 - val_loss: 1.1133
0.7334092809406126
Train on 4500 samples, validate on 500 samples
Epoch 1/1
 - 0s - loss: 0.8879 - val_loss: 1.1134
0.7335395987998944
Train on 4500 samples, validate on 500 samples
Epoch 1/1
 - 0s - loss: 0.8866 - val_loss: 1.1135
0.7336669963368057
Train on 4500 samples, validate on 500 samples
Epoch 1/1
 - 0s - loss: 0.8853 - val_loss: 1.1136
0.7337915782082126
Train on 4500 samples, validate on 500 samples
Epoch 1/1
 - 0s - loss: 0.8840 - val_loss: 1.1137
0.7339133867396196
Train on 4500 samples, validate on 500 samples
Epoch 1/1
 - 0s - loss: 0.8828 - val_loss: 1.1138
0.7340325418328136
Train on 4500 samples, validate on 500 samples
Epoch 1/1
 - 0s - loss: 0.8815 - val_loss: 1.1139
0.73414906907658
Train on 4500 samples, validate on 500 samples
Epoch 1/1
 - 0s - loss: 0.8803 - val_loss: 1.1140
0.734263061709011
Train on 4500 samples, validate on 500 samples
Epoch 1/1
 - 0s - loss: 0.8791 - val_loss: 1.1141
0.7343745886303239
Train on 4500 samples, validate on 500 samples
Epoch 1/1
 - 0s - loss: 0.8779 - val_loss: 1.1142
0.7344837054273625
Train on 4500 samples, validate on 500 samples
Epoch 1/1
 - 0s - loss: 0.8767 - val_loss: 1.1143
0.734590504101442
Train on 4500 samples, validate on 500 samples
Epoch 1/1
 - 1s - loss: 0.8755 - val_loss: 1.1144
0.7346950254367837
Train on 4500 samples, validate on 500 samples
Epoch 1/1
 - 0s - loss: 0.8743 - val_loss: 1.1145
0.7347973011139326
Train on 4500 samples, validate on 500 samples
Epoch 1/1
 - 0s - loss: 0.8732 - val_loss: 1.1147
0.7348974663049549
Train on 4500 samples, validate on 500 samples
Epoch 1/1
 - 0s - loss: 0.8720 - val_loss: 1.1148
0.7349955105330523
Train on 4500 samples, validate on 500 samples
Epoch 1/1
 - 0s - loss: 0.8709 - val_loss: 1.1149
0.735091506199092
Train on 4500 samples, validate on 500 samples
Epoch 1/1
 - 0s - loss: 0.8698 - val_loss: 1.1151
0.7351855160297112
Train on 4500 samples, validate on 500 samples
Epoch 1/1
 - 0s - loss: 0.8686 - val_loss: 1.1152
0.7352775701963279
Train on 4500 samples, validate on 500 samples
Epoch 1/1
 - 0s - loss: 0.8675 - val_loss: 1.1153
0.735367724284919
Train on 4500 samples, validate on 500 samples
Epoch 1/1
 - 0s - loss: 0.8664 - val_loss: 1.1155
0.7354560623926233
Train on 4500 samples, validate on 500 samples
Epoch 1/1
 - 0s - loss: 0.8653 - val_loss: 1.1156
0.735542558399092
Train on 4500 samples, validate on 500 samples
Epoch 1/1
 - 0s - loss: 0.8643 - val_loss: 1.1158
0.7356273254080515
Train on 4500 samples, validate on 500 samples
Epoch 1/1
 - 0s - loss: 0.8632 - val_loss: 1.1159
0.7357103767144503
Train on 4500 samples, validate on 500 samples
Epoch 1/1
 - 0s - loss: 0.8621 - val_loss: 1.1161
0.7357917611521926
Train on 4500 samples, validate on 500 samples
Epoch 1/1
 - 0s - loss: 0.8611 - val_loss: 1.1163
0.7358714980465114
Train on 4500 samples, validate on 500 samples
Epoch 1/1
 - 1s - loss: 0.8600 - val_loss: 1.1164
0.7359496417256624
Train on 4500 samples, validate on 500 samples
Epoch 1/1
 - 0s - loss: 0.8590 - val_loss: 1.1166
0.7360262265833253
Train on 4500 samples, validate on 500 samples
Epoch 1/1
 - 1s - loss: 0.8579 - val_loss: 1.1168
0.7361012883410467
Train on 4500 samples, validate on 500 samples
Epoch 1/1
 - 1s - loss: 0.8569 - val_loss: 1.1169
0.7361748669997507
Train on 4500 samples, validate on 500 samples
Epoch 1/1
 - 1s - loss: 0.8559 - val_loss: 1.1171
0.7362469945768677
Train on 4500 samples, validate on 500 samples
Epoch 1/1
 - 1s - loss: 0.8549 - val_loss: 1.1173
0.7363176825297351
Train on 4500 samples, validate on 500 samples
Epoch 1/1
 - 1s - loss: 0.8539 - val_loss: 1.1175
0.7363870049812397
Train on 4500 samples, validate on 500 samples
Epoch 1/1
 - 0s - loss: 0.8529 - val_loss: 1.1176
0.7364549434857128
Train on 4500 samples, validate on 500 samples
Epoch 1/1
 - 1s - loss: 0.8519 - val_loss: 1.1178
0.7365216047595445
Train on 4500 samples, validate on 500 samples
Epoch 1/1
 - 1s - loss: 0.8509 - val_loss: 1.1180
0.7365868981247382
Train on 4500 samples, validate on 500 samples
Epoch 1/1
 - 1s - loss: 0.8500 - val_loss: 1.1182
0.7366509548351874
Train on 4500 samples, validate on 500 samples
Epoch 1/1
 - 0s - loss: 0.8490 - val_loss: 1.1184
0.7367137638160925
Train on 4500 samples, validate on 500 samples
Epoch 1/1
 - 1s - loss: 0.8480 - val_loss: 1.1186
0.7367753394032769
Train on 4500 samples, validate on 500 samples
Epoch 1/1
 - 1s - loss: 0.8471 - val_loss: 1.1188
0.7368357319612044
Train on 4500 samples, validate on 500 samples
Epoch 1/1
 - 1s - loss: 0.8462 - val_loss: 1.1190
0.7368949280748738
Train on 4500 samples, validate on 500 samples
Epoch 1/1
 - 0s - loss: 0.8452 - val_loss: 1.1192
0.7369529924356045
Train on 4500 samples, validate on 500 samples
Epoch 1/1
 - 0s - loss: 0.8443 - val_loss: 1.1194
0.7370099309629343
Train on 4500 samples, validate on 500 samples
Epoch 1/1
 - 0s - loss: 0.8434 - val_loss: 1.1196
0.7370657529860511
Train on 4500 samples, validate on 500 samples
Epoch 1/1
 - 0s - loss: 0.8425 - val_loss: 1.1198
0.7371204991725356
Train on 4500 samples, validate on 500 samples
Epoch 1/1
 - 0s - loss: 0.8416 - val_loss: 1.1200
0.7371741504202064
Train on 4500 samples, validate on 500 samples
Epoch 1/1
 - 0s - loss: 0.8407 - val_loss: 1.1202
0.7372267955538194
Train on 4500 samples, validate on 500 samples
Epoch 1/1
 - 0s - loss: 0.8398 - val_loss: 1.1204
0.7372784162774064
Train on 4500 samples, validate on 500 samples
Epoch 1/1
 - 0s - loss: 0.8389 - val_loss: 1.1206
0.7373290245515149
Train on 4500 samples, validate on 500 samples
Epoch 1/1
 - 0s - loss: 0.8380 - val_loss: 1.1209
0.7373786461319589
Train on 4500 samples, validate on 500 samples
Epoch 1/1
 - 0s - loss: 0.8371 - val_loss: 1.1211
0.7374272686989191
Train on 4500 samples, validate on 500 samples
Epoch 1/1
 - 0s - loss: 0.8363 - val_loss: 1.1213
0.7374749748234866
Train on 4500 samples, validate on 500 samples
Epoch 1/1
 - 0s - loss: 0.8354 - val_loss: 1.1215
0.7375217152238671
Train on 4500 samples, validate on 500 samples
Epoch 1/1
 - 0s - loss: 0.8345 - val_loss: 1.1218
0.7375675325173783
Train on 4500 samples, validate on 500 samples
Epoch 1/1
 - 0s - loss: 0.8337 - val_loss: 1.1220
0.7376124593820592
Train on 4500 samples, validate on 500 samples
Epoch 1/1
 - 0s - loss: 0.8329 - val_loss: 1.1222
0.7376565026309667
Train on 4500 samples, validate on 500 samples
Epoch 1/1
 - 0s - loss: 0.8320 - val_loss: 1.1224
0.7376996379789237
Train on 4500 samples, validate on 500 samples
Epoch 1/1
 - 0s - loss: 0.8312 - val_loss: 1.1227
0.7377419058367068
Train on 4500 samples, validate on 500 samples
Epoch 1/1
 - 0s - loss: 0.8304 - val_loss: 1.1229
0.7377833493021813
Train on 4500 samples, validate on 500 samples
Epoch 1/1
 - 0s - loss: 0.8295 - val_loss: 1.1231
0.7378239493757383
Train on 4500 samples, validate on 500 samples
Epoch 1/1
 - 0s - loss: 0.8287 - val_loss: 1.1234
0.7378637059305752
Train on 4500 samples, validate on 500 samples
Epoch 1/1
 - 0s - loss: 0.8279 - val_loss: 1.1236
0.7379026718100494
Train on 4500 samples, validate on 500 samples
Epoch 1/1
 - 0s - loss: 0.8271 - val_loss: 1.1238
0.7379408258711565
Train on 4500 samples, validate on 500 samples
Epoch 1/1
 - 0s - loss: 0.8263 - val_loss: 1.1241
0.7379781861693965
Train on 4500 samples, validate on 500 samples
Epoch 1/1
 - 0s - loss: 0.8255 - val_loss: 1.1243
0.738014774194579
Train on 4500 samples, validate on 500 samples
Epoch 1/1
 - 0s - loss: 0.8247 - val_loss: 1.1246
0.7380506057767379
Train on 4500 samples, validate on 500 samples
Epoch 1/1
 - 0s - loss: 0.8239 - val_loss: 1.1248
0.7380856528963564
Train on 4500 samples, validate on 500 samples
Epoch 1/1
 - 0s - loss: 0.8232 - val_loss: 1.1251
0.7381199756254282
Train on 4500 samples, validate on 500 samples
Epoch 1/1
 - 0s - loss: 0.8224 - val_loss: 1.1253
0.7381535382787217
Train on 4500 samples, validate on 500 samples
Epoch 1/1
 - 0s - loss: 0.8216 - val_loss: 1.1256
0.7381863814206396
Train on 4500 samples, validate on 500 samples
Epoch 1/1
 - 0s - loss: 0.8209 - val_loss: 1.1258
0.7382185235372074
Train on 4500 samples, validate on 500 samples
Epoch 1/1
 - 0s - loss: 0.8201 - val_loss: 1.1261
0.7382499380790846
Train on 4500 samples, validate on 500 samples
Epoch 1/1
 - 0s - loss: 0.8193 - val_loss: 1.1263
0.7382806728981653
Train on 4500 samples, validate on 500 samples
Epoch 1/1
 - 0s - loss: 0.8186 - val_loss: 1.1266
0.7383106991043789
Train on 4500 samples, validate on 500 samples
Epoch 1/1
 - 0s - loss: 0.8178 - val_loss: 1.1268
0.7383400525434656
Train on 4500 samples, validate on 500 samples
Epoch 1/1
 - 0s - loss: 0.8171 - val_loss: 1.1271
0.7383687459583649
Train on 4500 samples, validate on 500 samples
Epoch 1/1
 - 0s - loss: 0.8164 - val_loss: 1.1273
0.7383967403916033
Train on 4500 samples, validate on 500 samples
Epoch 1/1
 - 0s - loss: 0.8156 - val_loss: 1.1276
0.7384240905032666
Train on 4500 samples, validate on 500 samples
Epoch 1/1
 - 0s - loss: 0.8149 - val_loss: 1.1279
0.7384507939459065
Train on 4500 samples, validate on 500 samples
Epoch 1/1
 - 0s - loss: 0.8142 - val_loss: 1.1281
0.7384768730818769
Train on 4500 samples, validate on 500 samples
Epoch 1/1
 - 0s - loss: 0.8135 - val_loss: 1.1284
0.7385022852602762
Train on 4500 samples, validate on 500 samples
Epoch 1/1
 - 0s - loss: 0.8128 - val_loss: 1.1286
0.738527074320463
Train on 4500 samples, validate on 500 samples
Epoch 1/1
 - 1s - loss: 0.8120 - val_loss: 1.1289
0.7385512561562815
Train on 4500 samples, validate on 500 samples
Epoch 1/1
 - 1s - loss: 0.8113 - val_loss: 1.1292
0.7385748194804533
Train on 4500 samples, validate on 500 samples
Epoch 1/1
 - 1s - loss: 0.8106 - val_loss: 1.1294
0.7385977779223811
Train on 4500 samples, validate on 500 samples
Epoch 1/1
 - 1s - loss: 0.8099 - val_loss: 1.1297
0.7386201320897875
Train on 4500 samples, validate on 500 samples
Epoch 1/1
 - 1s - loss: 0.8093 - val_loss: 1.1300
0.738641872676036
Train on 4500 samples, validate on 500 samples
Epoch 1/1
 - 1s - loss: 0.8086 - val_loss: 1.1303
0.7386630362700524
Train on 4500 samples, validate on 500 samples
Epoch 1/1
 - 0s - loss: 0.8079 - val_loss: 1.1305
0.7386836324812854
Train on 4500 samples, validate on 500 samples
Epoch 1/1
 - 0s - loss: 0.8072 - val_loss: 1.1308
0.7387036381366427
Train on 4500 samples, validate on 500 samples
Epoch 1/1
 - 1s - loss: 0.8065 - val_loss: 1.1311
0.7387230599626008
Train on 4500 samples, validate on 500 samples
Epoch 1/1
 - 0s - loss: 0.8059 - val_loss: 1.1314
0.7387419336985708
Train on 4500 samples, validate on 500 samples
Epoch 1/1
 - 1s - loss: 0.8052 - val_loss: 1.1316
0.738760237356502
Train on 4500 samples, validate on 500 samples
Epoch 1/1
 - 0s - loss: 0.8045 - val_loss: 1.1319
0.7387779932015254
Train on 4500 samples, validate on 500 samples
Epoch 1/1
 - 1s - loss: 0.8039 - val_loss: 1.1322
0.7387951895127272
Train on 4500 samples, validate on 500 samples
Epoch 1/1
 - 1s - loss: 0.8032 - val_loss: 1.1325
0.7388118411608422
Train on 4500 samples, validate on 500 samples
Epoch 1/1
 - 1s - loss: 0.8026 - val_loss: 1.1327
0.7388279665528126
Train on 4500 samples, validate on 500 samples
Epoch 1/1
 - 1s - loss: 0.8019 - val_loss: 1.1330
0.7388435395932875
Train on 4500 samples, validate on 500 samples
Epoch 1/1
 - 1s - loss: 0.8013 - val_loss: 1.1333
0.7388586130982986
Train on 4500 samples, validate on 500 samples
Epoch 1/1
 - 1s - loss: 0.8006 - val_loss: 1.1336
0.7388731313314046
Train on 4500 samples, validate on 500 samples
Epoch 1/1
 - 1s - loss: 0.8000 - val_loss: 1.1339
0.7388871348809859
Train on 4500 samples, validate on 500 samples
Epoch 1/1
 - 1s - loss: 0.7993 - val_loss: 1.1342
0.7389006483379922
Train on 4500 samples, validate on 500 samples
Epoch 1/1
 - 0s - loss: 0.7987 - val_loss: 1.1344
0.7389136319217
Train on 4500 samples, validate on 500 samples
Epoch 1/1
 - 1s - loss: 0.7981 - val_loss: 1.1347
0.7389261069153426
Train on 4500 samples, validate on 500 samples
Epoch 1/1
 - 1s - loss: 0.7975 - val_loss: 1.1350
0.7389380861959949
Train on 4500 samples, validate on 500 samples
Epoch 1/1
 - 0s - loss: 0.7968 - val_loss: 1.1353
0.7389495763706833
Train on 4500 samples, validate on 500 samples
Epoch 1/1
 - 1s - loss: 0.7962 - val_loss: 1.1356
0.7389605496850233
Train on 4500 samples, validate on 500 samples
Epoch 1/1
 - 1s - loss: 0.7956 - val_loss: 1.1359
0.7389710622659617
Train on 4500 samples, validate on 500 samples
Epoch 1/1
 - 0s - loss: 0.7950 - val_loss: 1.1362
0.7389810783148124
Train on 4500 samples, validate on 500 samples
Epoch 1/1
 - 1s - loss: 0.7944 - val_loss: 1.1365
0.7389906079474595
Train on 4500 samples, validate on 500 samples
Epoch 1/1
 - 1s - loss: 0.7938 - val_loss: 1.1368
0.7389996803320059
Train on 4500 samples, validate on 500 samples
Epoch 1/1
 - 1s - loss: 0.7932 - val_loss: 1.1371
0.7390082650258765
Train on 4500 samples, validate on 500 samples
Epoch 1/1
 - 1s - loss: 0.7926 - val_loss: 1.1373
0.7390163892729897
Train on 4500 samples, validate on 500 samples
Epoch 1/1
 - 1s - loss: 0.7920 - val_loss: 1.1376
0.7390240429763599
Train on 4500 samples, validate on 500 samples
Epoch 1/1
 - 1s - loss: 0.7914 - val_loss: 1.1379
0.739031233060157
Train on 4500 samples, validate on 500 samples
Epoch 1/1
 - 0s - loss: 0.7908 - val_loss: 1.1382
0.7390379582961936
Train on 4500 samples, validate on 500 samples
Epoch 1/1
 - 1s - loss: 0.7902 - val_loss: 1.1385
0.739044261585175
Train on 4500 samples, validate on 500 samples
Epoch 1/1
 - 0s - loss: 0.7896 - val_loss: 1.1388
0.7390500975143393
Train on 4500 samples, validate on 500 samples
Epoch 1/1
 - 1s - loss: 0.7891 - val_loss: 1.1391
0.7390554924461459
Train on 4500 samples, validate on 500 samples
Epoch 1/1
 - 0s - loss: 0.7885 - val_loss: 1.1394
0.7390604286860812
Train on 4500 samples, validate on 500 samples
Epoch 1/1
 - 0s - loss: 0.7879 - val_loss: 1.1397
0.7390649458682901
Train on 4500 samples, validate on 500 samples
Epoch 1/1
 - 1s - loss: 0.7873 - val_loss: 1.1400
0.7390690264885398
Train on 4500 samples, validate on 500 samples
Epoch 1/1
 - 1s - loss: 0.7868 - val_loss: 1.1403
0.7390726672953717
Train on 4500 samples, validate on 500 samples
Epoch 1/1
 - 1s - loss: 0.7862 - val_loss: 1.1406
0.7390758837141784
Train on 4500 samples, validate on 500 samples
Epoch 1/1
 - 1s - loss: 0.7857 - val_loss: 1.1409
0.7390786743141766
Train on 4500 samples, validate on 500 samples
Epoch 1/1
 - 0s - loss: 0.7851 - val_loss: 1.1412
0.7390810460605256
Train on 4500 samples, validate on 500 samples
Epoch 1/1
 - 1s - loss: 0.7845 - val_loss: 1.1415
0.7390829908972092
Train on 4500 samples, validate on 500 samples
Epoch 1/1
 - 1s - loss: 0.7840 - val_loss: 1.1419
0.7390845379185873
Train on 4500 samples, validate on 500 samples
Epoch 1/1
 - 0s - loss: 0.7834 - val_loss: 1.1422
0.7390856715751997
Train on 4500 samples, validate on 500 samples
Epoch 1/1
 - 0s - loss: 0.7829 - val_loss: 1.1425
0.7390863801257797
Train on 4500 samples, validate on 500 samples
Epoch 1/1
 - 1s - loss: 0.7823 - val_loss: 1.1428
0.7390866963181909
Train on 4500 samples, validate on 500 samples
Epoch 1/1
 - 1s - loss: 0.7818 - val_loss: 1.1431
Dev Pearson: 0.7390866963181909
Computing test skipthoughts...
Computing feature combinations...
Evaluating...
Test Pearson: 0.7705361309618804
Test Spearman: 0.7001236073538072
Test MSE: 0.4135721659563407
